# JRE version: Java(TM) SE Runtime Environment (7.0_67-b01) (build 1.7.0_67-b01)
# Java VM: Java HotSpot(TM) 64-Bit Server VM (24.65-b04 mixed mode linux-amd64 compressed oops)
Heap
 PSYoungGen      total 145920K, used 144498K [0x00000000f5500000, 0x0000000100000000, 0x0000000100000000)
  eden space 126976K, 98% used [0x00000000f5500000,0x00000000fcf9f3d8,0x00000000fd100000)
  from space 18944K, 99% used [0x00000000fed80000,0x00000000ffffd4b0,0x0000000100000000)
  to   space 24064K, 0% used [0x00000000fd100000,0x00000000fd100000,0x00000000fe880000)
 ParOldGen       total 87552K, used 33504K [0x00000000e0000000, 0x00000000e5580000, 0x00000000f5500000)
  object space 87552K, 38% used [0x00000000e0000000,0x00000000e20b83f0,0x00000000e5580000)
 PSPermGen       total 23552K, used 23133K [0x00000000d8000000, 0x00000000d9700000, 0x00000000e0000000)
  object space 23552K, 98% used [0x00000000d8000000,0x00000000d96976b0,0x00000000d9700000)
GC Heap History (10 events):
Event: 6.825 GC heap before
{Heap before GC invocations=4 (full 0):
 PSYoungGen      total 38912K, used 38889K [0x00000000f5500000, 0x00000000fa100000, 0x0000000100000000)
  eden space 33792K, 100% used [0x00000000f5500000,0x00000000f7600000,0x00000000f7600000)
  from space 5120K, 99% used [0x00000000f7600000,0x00000000f7afa4e8,0x00000000f7b00000)
  to   space 5120K, 0% used [0x00000000f9c00000,0x00000000f9c00000,0x00000000fa100000)
 ParOldGen       total 87552K, used 10060K [0x00000000e0000000, 0x00000000e5580000, 0x00000000f5500000)
  object space 87552K, 11% used [0x00000000e0000000,0x00000000e09d30a8,0x00000000e5580000)
 PSPermGen       total 21504K, used 14008K [0x00000000d8000000, 0x00000000d9500000, 0x00000000e0000000)
  object space 21504K, 65% used [0x00000000d8000000,0x00000000d8dae358,0x00000000d9500000)
Event: 6.842 GC heap after
Heap after GC invocations=4 (full 0):
 PSYoungGen      total 72704K, used 5101K [0x00000000f5500000, 0x00000000fa100000, 0x0000000100000000)
  eden space 67584K, 0% used [0x00000000f5500000,0x00000000f5500000,0x00000000f9700000)
  from space 5120K, 99% used [0x00000000f9c00000,0x00000000fa0fb428,0x00000000fa100000)
  to   space 5120K, 0% used [0x00000000f9700000,0x00000000f9700000,0x00000000f9c00000)
 ParOldGen       total 87552K, used 14250K [0x00000000e0000000, 0x00000000e5580000, 0x00000000f5500000)
  object space 87552K, 16% used [0x00000000e0000000,0x00000000e0dea9a0,0x00000000e5580000)
 PSPermGen       total 21504K, used 14008K [0x00000000d8000000, 0x00000000d9500000, 0x00000000e0000000)
  object space 21504K, 65% used [0x00000000d8000000,0x00000000d8dae358,0x00000000d9500000)
}
Event: 7.717 GC heap before
{Heap before GC invocations=5 (full 0):
 PSYoungGen      total 72704K, used 72685K [0x00000000f5500000, 0x00000000fa100000, 0x0000000100000000)
  eden space 67584K, 100% used [0x00000000f5500000,0x00000000f9700000,0x00000000f9700000)
  from space 5120K, 99% used [0x00000000f9c00000,0x00000000fa0fb428,0x00000000fa100000)
  to   space 5120K, 0% used [0x00000000f9700000,0x00000000f9700000,0x00000000f9c00000)
 ParOldGen       total 87552K, used 14250K [0x00000000e0000000, 0x00000000e5580000, 0x00000000f5500000)
  object space 87552K, 16% used [0x00000000e0000000,0x00000000e0dea9a0,0x00000000e5580000)
 PSPermGen       total 21504K, used 18097K [0x00000000d8000000, 0x00000000d9500000, 0x00000000e0000000)
  object space 21504K, 84% used [0x00000000d8000000,0x00000000d91ac468,0x00000000d9500000)
Event: 7.742 GC heap after
Heap after GC invocations=5 (full 0):
 PSYoungGen      total 72704K, used 5099K [0x00000000f5500000, 0x00000000ff700000, 0x0000000100000000)
  eden space 67584K, 0% used [0x00000000f5500000,0x00000000f5500000,0x00000000f9700000)
  from space 5120K, 99% used [0x00000000f9700000,0x00000000f9bfac50,0x00000000f9c00000)
  to   space 15360K, 0% used [0x00000000fe800000,0x00000000fe800000,0x00000000ff700000)
 ParOldGen       total 87552K, used 24900K [0x00000000e0000000, 0x00000000e5580000, 0x00000000f5500000)
  object space 87552K, 28% used [0x00000000e0000000,0x00000000e1851080,0x00000000e5580000)
 PSPermGen       total 21504K, used 18097K [0x00000000d8000000, 0x00000000d9500000, 0x00000000e0000000)
  object space 21504K, 84% used [0x00000000d8000000,0x00000000d91ac468,0x00000000d9500000)
}
Event: 8.468 GC heap before
{Heap before GC invocations=6 (full 0):
 PSYoungGen      total 72704K, used 72683K [0x00000000f5500000, 0x00000000ff700000, 0x0000000100000000)
  eden space 67584K, 100% used [0x00000000f5500000,0x00000000f9700000,0x00000000f9700000)
  from space 5120K, 99% used [0x00000000f9700000,0x00000000f9bfac50,0x00000000f9c00000)
  to   space 15360K, 0% used [0x00000000fe800000,0x00000000fe800000,0x00000000ff700000)
 ParOldGen       total 87552K, used 24900K [0x00000000e0000000, 0x00000000e5580000, 0x00000000f5500000)
  object space 87552K, 28% used [0x00000000e0000000,0x00000000e1851080,0x00000000e5580000)
 PSPermGen       total 21504K, used 19443K [0x00000000d8000000, 0x00000000d9500000, 0x00000000e0000000)
  object space 21504K, 90% used [0x00000000d8000000,0x00000000d92fcfa0,0x00000000d9500000)
Event: 8.489 GC heap after
Heap after GC invocations=6 (full 0):
 PSYoungGen      total 148480K, used 14631K [0x00000000f5500000, 0x00000000ffb00000, 0x0000000100000000)
  eden space 133120K, 0% used [0x00000000f5500000,0x00000000f5500000,0x00000000fd700000)
  from space 15360K, 95% used [0x00000000fe800000,0x00000000ff649cb8,0x00000000ff700000)
  to   space 17408K, 0% used [0x00000000fd700000,0x00000000fd700000,0x00000000fe800000)
 ParOldGen       total 87552K, used 24900K [0x00000000e0000000, 0x00000000e5580000, 0x00000000f5500000)
  object space 87552K, 28% used [0x00000000e0000000,0x00000000e1851080,0x00000000e5580000)
 PSPermGen       total 21504K, used 19443K [0x00000000d8000000, 0x00000000d9500000, 0x00000000e0000000)
  object space 21504K, 90% used [0x00000000d8000000,0x00000000d92fcfa0,0x00000000d9500000)
}
Event: 8.958 GC heap before
{Heap before GC invocations=7 (full 0):
 PSYoungGen      total 148480K, used 147751K [0x00000000f5500000, 0x00000000ffb00000, 0x0000000100000000)
  eden space 133120K, 100% used [0x00000000f5500000,0x00000000fd700000,0x00000000fd700000)
  from space 15360K, 95% used [0x00000000fe800000,0x00000000ff649cb8,0x00000000ff700000)
  to   space 17408K, 0% used [0x00000000fd700000,0x00000000fd700000,0x00000000fe800000)
 ParOldGen       total 87552K, used 24900K [0x00000000e0000000, 0x00000000e5580000, 0x00000000f5500000)
  object space 87552K, 28% used [0x00000000e0000000,0x00000000e1851080,0x00000000e5580000)
 PSPermGen       total 21504K, used 19950K [0x00000000d8000000, 0x00000000d9500000, 0x00000000e0000000)
  object space 21504K, 92% used [0x00000000d8000000,0x00000000d937b900,0x00000000d9500000)
Event: 8.978 GC heap after
Heap after GC invocations=7 (full 0):
 PSYoungGen      total 150528K, used 16418K [0x00000000f5500000, 0x0000000100000000, 0x0000000100000000)
  eden space 133120K, 0% used [0x00000000f5500000,0x00000000f5500000,0x00000000fd700000)
  from space 17408K, 94% used [0x00000000fd700000,0x00000000fe7088c0,0x00000000fe800000)
  to   space 18944K, 0% used [0x00000000fed80000,0x00000000fed80000,0x0000000100000000)
 ParOldGen       total 87552K, used 27306K [0x00000000e0000000, 0x00000000e5580000, 0x00000000f5500000)
  object space 87552K, 31% used [0x00000000e0000000,0x00000000e1aaa9d8,0x00000000e5580000)
 PSPermGen       total 21504K, used 19950K [0x00000000d8000000, 0x00000000d9500000, 0x00000000e0000000)
  object space 21504K, 92% used [0x00000000d8000000,0x00000000d937b900,0x00000000d9500000)
}
Event: 9.675 GC heap before
{Heap before GC invocations=8 (full 0):
 PSYoungGen      total 150528K, used 149538K [0x00000000f5500000, 0x0000000100000000, 0x0000000100000000)
  eden space 133120K, 100% used [0x00000000f5500000,0x00000000fd700000,0x00000000fd700000)
  from space 17408K, 94% used [0x00000000fd700000,0x00000000fe7088c0,0x00000000fe800000)
  to   space 18944K, 0% used [0x00000000fed80000,0x00000000fed80000,0x0000000100000000)
 ParOldGen       total 87552K, used 27306K [0x00000000e0000000, 0x00000000e5580000, 0x00000000f5500000)
  object space 87552K, 31% used [0x00000000e0000000,0x00000000e1aaa9d8,0x00000000e5580000)
 PSPermGen       total 23552K, used 23112K [0x00000000d8000000, 0x00000000d9700000, 0x00000000e0000000)
  object space 23552K, 98% used [0x00000000d8000000,0x00000000d96922a8,0x00000000d9700000)
Event: 9.709 GC heap after
Heap after GC invocations=8 (full 0):
 PSYoungGen      total 145920K, used 18933K [0x00000000f5500000, 0x0000000100000000, 0x0000000100000000)
  eden space 126976K, 0% used [0x00000000f5500000,0x00000000f5500000,0x00000000fd100000)
  from space 18944K, 99% used [0x00000000fed80000,0x00000000ffffd4b0,0x0000000100000000)
  to   space 24064K, 0% used [0x00000000fd100000,0x00000000fd100000,0x00000000fe880000)
 ParOldGen       total 87552K, used 33504K [0x00000000e0000000, 0x00000000e5580000, 0x00000000f5500000)
  object space 87552K, 38% used [0x00000000e0000000,0x00000000e20b83f0,0x00000000e5580000)
 PSPermGen       total 23552K, used 23112K [0x00000000d8000000, 0x00000000d9700000, 0x00000000e0000000)
  object space 23552K, 98% used [0x00000000d8000000,0x00000000d96922a8,0x00000000d9700000)
}

