# JRE version: Java(TM) SE Runtime Environment (7.0_71-b14) (build 1.7.0_71-b14)
# Java VM: Java HotSpot(TM) 64-Bit Server VM (24.71-b01 mixed mode linux-amd64 compressed oops)
Heap
 PSYoungGen      total 146944K, used 6546K [0x00000000f5500000, 0x0000000100000000, 0x0000000100000000)
  eden space 118784K, 5% used [0x00000000f5500000,0x00000000f5b64b08,0x00000000fc900000)
  from space 28160K, 0% used [0x00000000fc900000,0x00000000fc900000,0x00000000fe480000)
  to   space 27136K, 0% used [0x00000000fe580000,0x00000000fe580000,0x0000000100000000)
 ParOldGen       total 136704K, used 65815K [0x00000000e0000000, 0x00000000e8580000, 0x00000000f5500000)
  object space 136704K, 48% used [0x00000000e0000000,0x00000000e4045ea0,0x00000000e8580000)
 PSPermGen       total 51712K, used 25670K [0x00000000d8000000, 0x00000000db280000, 0x00000000e0000000)
  object space 51712K, 49% used [0x00000000d8000000,0x00000000d9911898,0x00000000db280000)
GC Heap History (10 events):
Event: 6.510 GC heap before
{Heap before GC invocations=8 (full 0):
 PSYoungGen      total 142336K, used 142218K [0x00000000f5500000, 0x00000000ffd00000, 0x0000000100000000)
  eden space 129024K, 100% used [0x00000000f5500000,0x00000000fd300000,0x00000000fd300000)
  from space 13312K, 99% used [0x00000000fd300000,0x00000000fdfe2840,0x00000000fe000000)
  to   space 21504K, 0% used [0x00000000fe800000,0x00000000fe800000,0x00000000ffd00000)
 ParOldGen       total 87552K, used 41949K [0x00000000e0000000, 0x00000000e5580000, 0x00000000f5500000)
  object space 87552K, 47% used [0x00000000e0000000,0x00000000e28f7640,0x00000000e5580000)
 PSPermGen       total 23552K, used 23436K [0x00000000d8000000, 0x00000000d9700000, 0x00000000e0000000)
  object space 23552K, 99% used [0x00000000d8000000,0x00000000d96e33d8,0x00000000d9700000)
Event: 6.544 GC heap after
Heap after GC invocations=8 (full 0):
 PSYoungGen      total 150016K, used 16500K [0x00000000f5500000, 0x0000000100000000, 0x0000000100000000)
  eden space 128512K, 0% used [0x00000000f5500000,0x00000000f5500000,0x00000000fd280000)
  from space 21504K, 76% used [0x00000000fe800000,0x00000000ff81d080,0x00000000ffd00000)
  to   space 22016K, 0% used [0x00000000fd280000,0x00000000fd280000,0x00000000fe800000)
 ParOldGen       total 87552K, used 43501K [0x00000000e0000000, 0x00000000e5580000, 0x00000000f5500000)
  object space 87552K, 49% used [0x00000000e0000000,0x00000000e2a7b4c8,0x00000000e5580000)
 PSPermGen       total 23552K, used 23436K [0x00000000d8000000, 0x00000000d9700000, 0x00000000e0000000)
  object space 23552K, 99% used [0x00000000d8000000,0x00000000d96e33d8,0x00000000d9700000)
}
Event: 7.521 GC heap before
{Heap before GC invocations=9 (full 0):
 PSYoungGen      total 150016K, used 145012K [0x00000000f5500000, 0x0000000100000000, 0x0000000100000000)
  eden space 128512K, 100% used [0x00000000f5500000,0x00000000fd280000,0x00000000fd280000)
  from space 21504K, 76% used [0x00000000fe800000,0x00000000ff81d080,0x00000000ffd00000)
  to   space 22016K, 0% used [0x00000000fd280000,0x00000000fd280000,0x00000000fe800000)
 ParOldGen       total 87552K, used 43501K [0x00000000e0000000, 0x00000000e5580000, 0x00000000f5500000)
  object space 87552K, 49% used [0x00000000e0000000,0x00000000e2a7b4c8,0x00000000e5580000)
 PSPermGen       total 25600K, used 25268K [0x00000000d8000000, 0x00000000d9900000, 0x00000000e0000000)
  object space 25600K, 98% used [0x00000000d8000000,0x00000000d98ad3a8,0x00000000d9900000)
Event: 7.552 GC heap after
Heap after GC invocations=9 (full 0):
 PSYoungGen      total 150528K, used 21997K [0x00000000f5500000, 0x0000000100000000, 0x0000000100000000)
  eden space 128512K, 0% used [0x00000000f5500000,0x00000000f5500000,0x00000000fd280000)
  from space 22016K, 99% used [0x00000000fd280000,0x00000000fe7fb588,0x00000000fe800000)
  to   space 24576K, 0% used [0x00000000fe800000,0x00000000fe800000,0x0000000100000000)
 ParOldGen       total 87552K, used 51955K [0x00000000e0000000, 0x00000000e5580000, 0x00000000f5500000)
  object space 87552K, 59% used [0x00000000e0000000,0x00000000e32bce48,0x00000000e5580000)
 PSPermGen       total 25600K, used 25268K [0x00000000d8000000, 0x00000000d9900000, 0x00000000e0000000)
  object space 25600K, 98% used [0x00000000d8000000,0x00000000d98ad3a8,0x00000000d9900000)
}
Event: 8.535 GC heap before
{Heap before GC invocations=10 (full 0):
 PSYoungGen      total 150528K, used 150509K [0x00000000f5500000, 0x0000000100000000, 0x0000000100000000)
  eden space 128512K, 100% used [0x00000000f5500000,0x00000000fd280000,0x00000000fd280000)
  from space 22016K, 99% used [0x00000000fd280000,0x00000000fe7fb588,0x00000000fe800000)
  to   space 24576K, 0% used [0x00000000fe800000,0x00000000fe800000,0x0000000100000000)
 ParOldGen       total 87552K, used 51955K [0x00000000e0000000, 0x00000000e5580000, 0x00000000f5500000)
  object space 87552K, 59% used [0x00000000e0000000,0x00000000e32bce48,0x00000000e5580000)
 PSPermGen       total 25600K, used 25481K [0x00000000d8000000, 0x00000000d9900000, 0x00000000e0000000)
  object space 25600K, 99% used [0x00000000d8000000,0x00000000d98e2430,0x00000000d9900000)
Event: 8.566 GC heap after
Heap after GC invocations=10 (full 0):
 PSYoungGen      total 143360K, used 19308K [0x00000000f5500000, 0x0000000100000000, 0x0000000100000000)
  eden space 118784K, 0% used [0x00000000f5500000,0x00000000f5500000,0x00000000fc900000)
  from space 24576K, 78% used [0x00000000fe800000,0x00000000ffadb350,0x0000000100000000)
  to   space 28160K, 0% used [0x00000000fc900000,0x00000000fc900000,0x00000000fe480000)
 ParOldGen       total 87552K, used 61118K [0x00000000e0000000, 0x00000000e5580000, 0x00000000f5500000)
  object space 87552K, 69% used [0x00000000e0000000,0x00000000e3baf8a8,0x00000000e5580000)
 PSPermGen       total 25600K, used 25481K [0x00000000d8000000, 0x00000000d9900000, 0x00000000e0000000)
  object space 25600K, 99% used [0x00000000d8000000,0x00000000d98e2430,0x00000000d9900000)
}
Event: 10.194 GC heap before
{Heap before GC invocations=11 (full 0):
 PSYoungGen      total 143360K, used 136423K [0x00000000f5500000, 0x0000000100000000, 0x0000000100000000)
  eden space 118784K, 98% used [0x00000000f5500000,0x00000000fc75eb58,0x00000000fc900000)
  from space 24576K, 78% used [0x00000000fe800000,0x00000000ffadb350,0x0000000100000000)
  to   space 28160K, 0% used [0x00000000fc900000,0x00000000fc900000,0x00000000fe480000)
 ParOldGen       total 87552K, used 61118K [0x00000000e0000000, 0x00000000e5580000, 0x00000000f5500000)
  object space 87552K, 69% used [0x00000000e0000000,0x00000000e3baf8a8,0x00000000e5580000)
 PSPermGen       total 26112K, used 25667K [0x00000000d8000000, 0x00000000d9980000, 0x00000000e0000000)
  object space 26112K, 98% used [0x00000000d8000000,0x00000000d9910cf8,0x00000000d9980000)
Event: 10.233 GC heap after
Heap after GC invocations=11 (full 0):
 PSYoungGen      total 146944K, used 13444K [0x00000000f5500000, 0x0000000100000000, 0x0000000100000000)
  eden space 118784K, 0% used [0x00000000f5500000,0x00000000f5500000,0x00000000fc900000)
  from space 28160K, 47% used [0x00000000fc900000,0x00000000fd621198,0x00000000fe480000)
  to   space 27136K, 0% used [0x00000000fe580000,0x00000000fe580000,0x0000000100000000)
 ParOldGen       total 87552K, used 81148K [0x00000000e0000000, 0x00000000e5580000, 0x00000000f5500000)
  object space 87552K, 92% used [0x00000000e0000000,0x00000000e4f3f278,0x00000000e5580000)
 PSPermGen       total 26112K, used 25667K [0x00000000d8000000, 0x00000000d9980000, 0x00000000e0000000)
  object space 26112K, 98% used [0x00000000d8000000,0x00000000d9910cf8,0x00000000d9980000)
}
Event: 10.233 GC heap before
{Heap before GC invocations=12 (full 1):
 PSYoungGen      total 146944K, used 13444K [0x00000000f5500000, 0x0000000100000000, 0x0000000100000000)
  eden space 118784K, 0% used [0x00000000f5500000,0x00000000f5500000,0x00000000fc900000)
  from space 28160K, 47% used [0x00000000fc900000,0x00000000fd621198,0x00000000fe480000)
  to   space 27136K, 0% used [0x00000000fe580000,0x00000000fe580000,0x0000000100000000)
 ParOldGen       total 87552K, used 81148K [0x00000000e0000000, 0x00000000e5580000, 0x00000000f5500000)
  object space 87552K, 92% used [0x00000000e0000000,0x00000000e4f3f278,0x00000000e5580000)
 PSPermGen       total 26112K, used 25667K [0x00000000d8000000, 0x00000000d9980000, 0x00000000e0000000)
  object space 26112K, 98% used [0x00000000d8000000,0x00000000d9910cf8,0x00000000d9980000)
Event: 10.586 GC heap after
Heap after GC invocations=12 (full 1):
 PSYoungGen      total 146944K, used 0K [0x00000000f5500000, 0x0000000100000000, 0x0000000100000000)
  eden space 118784K, 0% used [0x00000000f5500000,0x00000000f5500000,0x00000000fc900000)
  from space 28160K, 0% used [0x00000000fc900000,0x00000000fc900000,0x00000000fe480000)
  to   space 27136K, 0% used [0x00000000fe580000,0x00000000fe580000,0x0000000100000000)
 ParOldGen       total 136704K, used 65815K [0x00000000e0000000, 0x00000000e8580000, 0x00000000f5500000)
  object space 136704K, 48% used [0x00000000e0000000,0x00000000e4045ea0,0x00000000e8580000)
 PSPermGen       total 51712K, used 25657K [0x00000000d8000000, 0x00000000db280000, 0x00000000e0000000)
  object space 51712K, 49% used [0x00000000d8000000,0x00000000d990e530,0x00000000db280000)
}

