# JRE version: Java(TM) SE Runtime Environment (7.0_60-b19) (build 1.7.0_60-b19)
# Java VM: Java HotSpot(TM) 64-Bit Server VM (24.60-b09 mixed mode windows-amd64 compressed oops)
Heap
 PSYoungGen      total 146432K, used 13106K [0x00000000f5500000, 0x00000000ffd80000, 0x0000000100000000)
  eden space 123392K, 0% used [0x00000000f5500000,0x00000000f5500000,0x00000000fcd80000)
  from space 23040K, 56% used [0x00000000fe700000,0x00000000ff3cc878,0x00000000ffd80000)
  to   space 24576K, 0% used [0x00000000fcd80000,0x00000000fcd80000,0x00000000fe580000)
 ParOldGen       total 87552K, used 73964K [0x00000000e0000000, 0x00000000e5580000, 0x00000000f5500000)
  object space 87552K, 84% used [0x00000000e0000000,0x00000000e483b190,0x00000000e5580000)
 PSPermGen       total 24064K, used 23787K [0x00000000d8000000, 0x00000000d9780000, 0x00000000e0000000)
  object space 24064K, 98% used [0x00000000d8000000,0x00000000d973aed8,0x00000000d9780000)
GC Heap History (10 events):
Event: 9.566 GC heap after
Heap after GC invocations=8 (full 0):
 PSYoungGen      total 142336K, used 22286K [0x00000000f5500000, 0x0000000100000000, 0x0000000100000000)
  eden space 119808K, 0% used [0x00000000f5500000,0x00000000f5500000,0x00000000fca00000)
  from space 22528K, 98% used [0x00000000fea00000,0x00000000fffc3838,0x0000000100000000)
  to   space 27648K, 0% used [0x00000000fca00000,0x00000000fca00000,0x00000000fe500000)
 ParOldGen       total 87552K, used 34353K [0x00000000e0000000, 0x00000000e5580000, 0x00000000f5500000)
  object space 87552K, 39% used [0x00000000e0000000,0x00000000e218c7a0,0x00000000e5580000)
 PSPermGen       total 21504K, used 20457K [0x00000000d8000000, 0x00000000d9500000, 0x00000000e0000000)
  object space 21504K, 95% used [0x00000000d8000000,0x00000000d93fa600,0x00000000d9500000)
}
Event: 10.234 GC heap before
{Heap before GC invocations=9 (full 0):
 PSYoungGen      total 142336K, used 142094K [0x00000000f5500000, 0x0000000100000000, 0x0000000100000000)
  eden space 119808K, 100% used [0x00000000f5500000,0x00000000fca00000,0x00000000fca00000)
  from space 22528K, 98% used [0x00000000fea00000,0x00000000fffc3838,0x0000000100000000)
  to   space 27648K, 0% used [0x00000000fca00000,0x00000000fca00000,0x00000000fe500000)
 ParOldGen       total 87552K, used 34353K [0x00000000e0000000, 0x00000000e5580000, 0x00000000f5500000)
  object space 87552K, 39% used [0x00000000e0000000,0x00000000e218c7a0,0x00000000e5580000)
 PSPermGen       total 21504K, used 21414K [0x00000000d8000000, 0x00000000d9500000, 0x00000000e0000000)
  object space 21504K, 99% used [0x00000000d8000000,0x00000000d94e99d8,0x00000000d9500000)
Event: 10.269 GC heap after
Heap after GC invocations=9 (full 0):
 PSYoungGen      total 147456K, used 16510K [0x00000000f5500000, 0x0000000100000000, 0x0000000100000000)
  eden space 119808K, 0% used [0x00000000f5500000,0x00000000f5500000,0x00000000fca00000)
  from space 27648K, 59% used [0x00000000fca00000,0x00000000fda1f948,0x00000000fe500000)
  to   space 27136K, 0% used [0x00000000fe580000,0x00000000fe580000,0x0000000100000000)
 ParOldGen       total 87552K, used 44577K [0x00000000e0000000, 0x00000000e5580000, 0x00000000f5500000)
  object space 87552K, 50% used [0x00000000e0000000,0x00000000e2b887e0,0x00000000e5580000)
 PSPermGen       total 21504K, used 21414K [0x00000000d8000000, 0x00000000d9500000, 0x00000000e0000000)
  object space 21504K, 99% used [0x00000000d8000000,0x00000000d94e99d8,0x00000000d9500000)
}
Event: 11.386 GC heap before
{Heap before GC invocations=10 (full 0):
 PSYoungGen      total 147456K, used 136318K [0x00000000f5500000, 0x0000000100000000, 0x0000000100000000)
  eden space 119808K, 100% used [0x00000000f5500000,0x00000000fca00000,0x00000000fca00000)
  from space 27648K, 59% used [0x00000000fca00000,0x00000000fda1f948,0x00000000fe500000)
  to   space 27136K, 0% used [0x00000000fe580000,0x00000000fe580000,0x0000000100000000)
 ParOldGen       total 87552K, used 44577K [0x00000000e0000000, 0x00000000e5580000, 0x00000000f5500000)
  object space 87552K, 50% used [0x00000000e0000000,0x00000000e2b887e0,0x00000000e5580000)
 PSPermGen       total 24064K, used 23751K [0x00000000d8000000, 0x00000000d9780000, 0x00000000e0000000)
  object space 24064K, 98% used [0x00000000d8000000,0x00000000d9731f38,0x00000000d9780000)
Event: 11.436 GC heap after
Heap after GC invocations=10 (full 0):
 PSYoungGen      total 144896K, used 13946K [0x00000000f5500000, 0x00000000ffd80000, 0x0000000100000000)
  eden space 120320K, 0% used [0x00000000f5500000,0x00000000f5500000,0x00000000fca80000)
  from space 24576K, 56% used [0x00000000fe580000,0x00000000ff31ebc0,0x00000000ffd80000)
  to   space 26112K, 0% used [0x00000000fca80000,0x00000000fca80000,0x00000000fe400000)
 ParOldGen       total 87552K, used 56493K [0x00000000e0000000, 0x00000000e5580000, 0x00000000f5500000)
  object space 87552K, 64% used [0x00000000e0000000,0x00000000e372b4d0,0x00000000e5580000)
 PSPermGen       total 24064K, used 23751K [0x00000000d8000000, 0x00000000d9780000, 0x00000000e0000000)
  object space 24064K, 98% used [0x00000000d8000000,0x00000000d9731f38,0x00000000d9780000)
}
Event: 12.055 GC heap before
{Heap before GC invocations=11 (full 0):
 PSYoungGen      total 144896K, used 134266K [0x00000000f5500000, 0x00000000ffd80000, 0x0000000100000000)
  eden space 120320K, 100% used [0x00000000f5500000,0x00000000fca80000,0x00000000fca80000)
  from space 24576K, 56% used [0x00000000fe580000,0x00000000ff31ebc0,0x00000000ffd80000)
  to   space 26112K, 0% used [0x00000000fca80000,0x00000000fca80000,0x00000000fe400000)
 ParOldGen       total 87552K, used 56493K [0x00000000e0000000, 0x00000000e5580000, 0x00000000f5500000)
  object space 87552K, 64% used [0x00000000e0000000,0x00000000e372b4d0,0x00000000e5580000)
 PSPermGen       total 24064K, used 23783K [0x00000000d8000000, 0x00000000d9780000, 0x00000000e0000000)
  object space 24064K, 98% used [0x00000000d8000000,0x00000000d9739de8,0x00000000d9780000)
Event: 12.097 GC heap after
Heap after GC invocations=11 (full 0):
 PSYoungGen      total 146432K, used 10205K [0x00000000f5500000, 0x0000000100000000, 0x0000000100000000)
  eden space 120320K, 0% used [0x00000000f5500000,0x00000000f5500000,0x00000000fca80000)
  from space 26112K, 39% used [0x00000000fca80000,0x00000000fd477588,0x00000000fe400000)
  to   space 25600K, 0% used [0x00000000fe700000,0x00000000fe700000,0x0000000100000000)
 ParOldGen       total 87552K, used 68457K [0x00000000e0000000, 0x00000000e5580000, 0x00000000f5500000)
  object space 87552K, 78% used [0x00000000e0000000,0x00000000e42da758,0x00000000e5580000)
 PSPermGen       total 24064K, used 23783K [0x00000000d8000000, 0x00000000d9780000, 0x00000000e0000000)
  object space 24064K, 98% used [0x00000000d8000000,0x00000000d9739de8,0x00000000d9780000)
}
Event: 12.610 GC heap before
{Heap before GC invocations=12 (full 0):
 PSYoungGen      total 146432K, used 130525K [0x00000000f5500000, 0x0000000100000000, 0x0000000100000000)
  eden space 120320K, 100% used [0x00000000f5500000,0x00000000fca80000,0x00000000fca80000)
  from space 26112K, 39% used [0x00000000fca80000,0x00000000fd477588,0x00000000fe400000)
  to   space 25600K, 0% used [0x00000000fe700000,0x00000000fe700000,0x0000000100000000)
 ParOldGen       total 87552K, used 68457K [0x00000000e0000000, 0x00000000e5580000, 0x00000000f5500000)
  object space 87552K, 78% used [0x00000000e0000000,0x00000000e42da758,0x00000000e5580000)
 PSPermGen       total 24064K, used 23787K [0x00000000d8000000, 0x00000000d9780000, 0x00000000e0000000)
  object space 24064K, 98% used [0x00000000d8000000,0x00000000d973aed8,0x00000000d9780000)
Event: 12.626 GC heap after
Heap after GC invocations=12 (full 0):
 PSYoungGen      total 146432K, used 13106K [0x00000000f5500000, 0x00000000ffd80000, 0x0000000100000000)
  eden space 123392K, 0% used [0x00000000f5500000,0x00000000f5500000,0x00000000fcd80000)
  from space 23040K, 56% used [0x00000000fe700000,0x00000000ff3cc878,0x00000000ffd80000)
  to   space 24576K, 0% used [0x00000000fcd80000,0x00000000fcd80000,0x00000000fe580000)
 ParOldGen       total 87552K, used 73964K [0x00000000e0000000, 0x00000000e5580000, 0x00000000f5500000)
  object space 87552K, 84% used [0x00000000e0000000,0x00000000e483b190,0x00000000e5580000)
 PSPermGen       total 24064K, used 23787K [0x00000000d8000000, 0x00000000d9780000, 0x00000000e0000000)
  object space 24064K, 98% used [0x00000000d8000000,0x00000000d973aed8,0x00000000d9780000)
}
Event: 12.626 GC heap before
{Heap before GC invocations=13 (full 1):
 PSYoungGen      total 146432K, used 13106K [0x00000000f5500000, 0x00000000ffd80000, 0x0000000100000000)
  eden space 123392K, 0% used [0x00000000f5500000,0x00000000f5500000,0x00000000fcd80000)
  from space 23040K, 56% used [0x00000000fe700000,0x00000000ff3cc878,0x00000000ffd80000)
  to   space 24576K, 0% used [0x00000000fcd80000,0x00000000fcd80000,0x00000000fe580000)
 ParOldGen       total 87552K, used 73964K [0x00000000e0000000, 0x00000000e5580000, 0x00000000f5500000)
  object space 87552K, 84% used [0x00000000e0000000,0x00000000e483b190,0x00000000e5580000)
 PSPermGen       total 24064K, used 23787K [0x00000000d8000000, 0x00000000d9780000, 0x00000000e0000000)
  object space 24064K, 98% used [0x00000000d8000000,0x00000000d973aed8,0x00000000d9780000)

