# JRE version: Java(TM) SE Runtime Environment (7.0_60-b19) (build 1.7.0_60-b19)
# Java VM: Java HotSpot(TM) 64-Bit Server VM (24.60-b09 mixed mode windows-amd64 compressed oops)
Heap
 PSYoungGen      total 12800K, used 512K [0x00000000eaa80000, 0x00000000ecd80000, 0x0000000100000000)
  eden space 12288K, 0% used [0x00000000eaa80000,0x00000000eaa80000,0x00000000eb680000)
  from space 512K, 100% used [0x00000000eb680000,0x00000000eb700000,0x00000000eb700000)
  to   space 5632K, 0% used [0x00000000ec800000,0x00000000ec800000,0x00000000ecd80000)
 ParOldGen       total 9728K, used 9034K [0x00000000c0000000, 0x00000000c0980000, 0x00000000eaa80000)
  object space 9728K, 92% used [0x00000000c0000000,0x00000000c08d2970,0x00000000c0980000)
 PSPermGen       total 21504K, used 6544K [0x00000000bae00000, 0x00000000bc300000, 0x00000000c0000000)
  object space 21504K, 30% used [0x00000000bae00000,0x00000000bb4643d0,0x00000000bc300000)
GC Heap History (10 events):
Event: 0.251 GC heap after
Heap after GC invocations=1 (full 0):
 PSYoungGen      total 3584K, used 503K [0x00000000eaa80000, 0x00000000eb180000, 0x0000000100000000)
  eden space 3072K, 0% used [0x00000000eaa80000,0x00000000eaa80000,0x00000000ead80000)
  from space 512K, 98% used [0x00000000ead80000,0x00000000eadfde80,0x00000000eae00000)
  to   space 512K, 0% used [0x00000000eb100000,0x00000000eb100000,0x00000000eb180000)
 ParOldGen       total 5632K, used 280K [0x00000000c0000000, 0x00000000c0580000, 0x00000000eaa80000)
  object space 5632K, 4% used [0x00000000c0000000,0x00000000c0046010,0x00000000c0580000)
 PSPermGen       total 21504K, used 3844K [0x00000000bae00000, 0x00000000bc300000, 0x00000000c0000000)
  object space 21504K, 17% used [0x00000000bae00000,0x00000000bb1c1018,0x00000000bc300000)
}
Event: 0.348 GC heap before
{Heap before GC invocations=2 (full 0):
 PSYoungGen      total 3584K, used 3575K [0x00000000eaa80000, 0x00000000eb180000, 0x0000000100000000)
  eden space 3072K, 100% used [0x00000000eaa80000,0x00000000ead80000,0x00000000ead80000)
  from space 512K, 98% used [0x00000000ead80000,0x00000000eadfde80,0x00000000eae00000)
  to   space 512K, 0% used [0x00000000eb100000,0x00000000eb100000,0x00000000eb180000)
 ParOldGen       total 5632K, used 280K [0x00000000c0000000, 0x00000000c0580000, 0x00000000eaa80000)
  object space 5632K, 4% used [0x00000000c0000000,0x00000000c0046010,0x00000000c0580000)
 PSPermGen       total 21504K, used 4989K [0x00000000bae00000, 0x00000000bc300000, 0x00000000c0000000)
  object space 21504K, 23% used [0x00000000bae00000,0x00000000bb2df4a0,0x00000000bc300000)
Event: 0.354 GC heap after
Heap after GC invocations=2 (full 0):
 PSYoungGen      total 6656K, used 503K [0x00000000eaa80000, 0x00000000eb180000, 0x0000000100000000)
  eden space 6144K, 0% used [0x00000000eaa80000,0x00000000eaa80000,0x00000000eb080000)
  from space 512K, 98% used [0x00000000eb100000,0x00000000eb17de90,0x00000000eb180000)
  to   space 512K, 0% used [0x00000000eb080000,0x00000000eb080000,0x00000000eb100000)
 ParOldGen       total 5632K, used 504K [0x00000000c0000000, 0x00000000c0580000, 0x00000000eaa80000)
  object space 5632K, 8% used [0x00000000c0000000,0x00000000c007e020,0x00000000c0580000)
 PSPermGen       total 21504K, used 4989K [0x00000000bae00000, 0x00000000bc300000, 0x00000000c0000000)
  object space 21504K, 23% used [0x00000000bae00000,0x00000000bb2df4a0,0x00000000bc300000)
}
Event: 0.974 GC heap before
{Heap before GC invocations=3 (full 0):
 PSYoungGen      total 6656K, used 6639K [0x00000000eaa80000, 0x00000000eb180000, 0x0000000100000000)
  eden space 6144K, 99% used [0x00000000eaa80000,0x00000000eb07dea8,0x00000000eb080000)
  from space 512K, 98% used [0x00000000eb100000,0x00000000eb17de90,0x00000000eb180000)
  to   space 512K, 0% used [0x00000000eb080000,0x00000000eb080000,0x00000000eb100000)
 ParOldGen       total 5632K, used 504K [0x00000000c0000000, 0x00000000c0580000, 0x00000000eaa80000)
  object space 5632K, 8% used [0x00000000c0000000,0x00000000c007e020,0x00000000c0580000)
 PSPermGen       total 21504K, used 5959K [0x00000000bae00000, 0x00000000bc300000, 0x00000000c0000000)
  object space 21504K, 27% used [0x00000000bae00000,0x00000000bb3d1c50,0x00000000bc300000)
Event: 0.982 GC heap after
Heap after GC invocations=3 (full 0):
 PSYoungGen      total 6656K, used 487K [0x00000000eaa80000, 0x00000000eb780000, 0x0000000100000000)
  eden space 6144K, 0% used [0x00000000eaa80000,0x00000000eaa80000,0x00000000eb080000)
  from space 512K, 95% used [0x00000000eb080000,0x00000000eb0f9e80,0x00000000eb100000)
  to   space 512K, 0% used [0x00000000eb700000,0x00000000eb700000,0x00000000eb780000)
 ParOldGen       total 5632K, used 1672K [0x00000000c0000000, 0x00000000c0580000, 0x00000000eaa80000)
  object space 5632K, 29% used [0x00000000c0000000,0x00000000c01a2008,0x00000000c0580000)
 PSPermGen       total 21504K, used 5959K [0x00000000bae00000, 0x00000000bc300000, 0x00000000c0000000)
  object space 21504K, 27% used [0x00000000bae00000,0x00000000bb3d1c50,0x00000000bc300000)
}
Event: 1.326 GC heap before
{Heap before GC invocations=4 (full 0):
 PSYoungGen      total 6656K, used 6631K [0x00000000eaa80000, 0x00000000eb780000, 0x0000000100000000)
  eden space 6144K, 100% used [0x00000000eaa80000,0x00000000eb080000,0x00000000eb080000)
  from space 512K, 95% used [0x00000000eb080000,0x00000000eb0f9e80,0x00000000eb100000)
  to   space 512K, 0% used [0x00000000eb700000,0x00000000eb700000,0x00000000eb780000)
 ParOldGen       total 5632K, used 1672K [0x00000000c0000000, 0x00000000c0580000, 0x00000000eaa80000)
  object space 5632K, 29% used [0x00000000c0000000,0x00000000c01a2008,0x00000000c0580000)
 PSPermGen       total 21504K, used 6085K [0x00000000bae00000, 0x00000000bc300000, 0x00000000c0000000)
  object space 21504K, 28% used [0x00000000bae00000,0x00000000bb3f1738,0x00000000bc300000)
Event: 1.331 GC heap after
Heap after GC invocations=4 (full 0):
 PSYoungGen      total 12800K, used 512K [0x00000000eaa80000, 0x00000000eb780000, 0x0000000100000000)
  eden space 12288K, 0% used [0x00000000eaa80000,0x00000000eaa80000,0x00000000eb680000)
  from space 512K, 100% used [0x00000000eb700000,0x00000000eb780000,0x00000000eb780000)
  to   space 512K, 0% used [0x00000000eb680000,0x00000000eb680000,0x00000000eb700000)
 ParOldGen       total 5632K, used 2933K [0x00000000c0000000, 0x00000000c0580000, 0x00000000eaa80000)
  object space 5632K, 52% used [0x00000000c0000000,0x00000000c02dd630,0x00000000c0580000)
 PSPermGen       total 21504K, used 6085K [0x00000000bae00000, 0x00000000bc300000, 0x00000000c0000000)
  object space 21504K, 28% used [0x00000000bae00000,0x00000000bb3f1738,0x00000000bc300000)
}
Event: 2.087 GC heap before
{Heap before GC invocations=5 (full 0):
 PSYoungGen      total 12800K, used 12800K [0x00000000eaa80000, 0x00000000eb780000, 0x0000000100000000)
  eden space 12288K, 100% used [0x00000000eaa80000,0x00000000eb680000,0x00000000eb680000)
  from space 512K, 100% used [0x00000000eb700000,0x00000000eb780000,0x00000000eb780000)
  to   space 512K, 0% used [0x00000000eb680000,0x00000000eb680000,0x00000000eb700000)
 ParOldGen       total 5632K, used 2933K [0x00000000c0000000, 0x00000000c0580000, 0x00000000eaa80000)
  object space 5632K, 52% used [0x00000000c0000000,0x00000000c02dd630,0x00000000c0580000)
 PSPermGen       total 21504K, used 6544K [0x00000000bae00000, 0x00000000bc300000, 0x00000000c0000000)
  object space 21504K, 30% used [0x00000000bae00000,0x00000000bb4643d0,0x00000000bc300000)
Event: 2.105 GC heap after
Heap after GC invocations=5 (full 0):
 PSYoungGen      total 12800K, used 512K [0x00000000eaa80000, 0x00000000ecd80000, 0x0000000100000000)
  eden space 12288K, 0% used [0x00000000eaa80000,0x00000000eaa80000,0x00000000eb680000)
  from space 512K, 100% used [0x00000000eb680000,0x00000000eb700000,0x00000000eb700000)
  to   space 5632K, 0% used [0x00000000ec800000,0x00000000ec800000,0x00000000ecd80000)
 ParOldGen       total 9728K, used 9034K [0x00000000c0000000, 0x00000000c0980000, 0x00000000eaa80000)
  object space 9728K, 92% used [0x00000000c0000000,0x00000000c08d2970,0x00000000c0980000)
 PSPermGen       total 21504K, used 6544K [0x00000000bae00000, 0x00000000bc300000, 0x00000000c0000000)
  object space 21504K, 30% used [0x00000000bae00000,0x00000000bb4643d0,0x00000000bc300000)
}
Event: 2.105 GC heap before
{Heap before GC invocations=6 (full 1):
 PSYoungGen      total 12800K, used 512K [0x00000000eaa80000, 0x00000000ecd80000, 0x0000000100000000)
  eden space 12288K, 0% used [0x00000000eaa80000,0x00000000eaa80000,0x00000000eb680000)
  from space 512K, 100% used [0x00000000eb680000,0x00000000eb700000,0x00000000eb700000)
  to   space 5632K, 0% used [0x00000000ec800000,0x00000000ec800000,0x00000000ecd80000)
 ParOldGen       total 9728K, used 9034K [0x00000000c0000000, 0x00000000c0980000, 0x00000000eaa80000)
  object space 9728K, 92% used [0x00000000c0000000,0x00000000c08d2970,0x00000000c0980000)
 PSPermGen       total 21504K, used 6544K [0x00000000bae00000, 0x00000000bc300000, 0x00000000c0000000)
  object space 21504K, 30% used [0x00000000bae00000,0x00000000bb4643d0,0x00000000bc300000)

