# JRE version: Java(TM) SE Runtime Environment (7.0_71-b14) (build 1.7.0_71-b14)
# Java VM: Java HotSpot(TM) 64-Bit Server VM (24.71-b01 mixed mode linux-amd64 compressed oops)
Heap
 PSYoungGen      total 44032K, used 39865K [0x00000000f5500000, 0x00000000faa00000, 0x0000000100000000)
  eden space 30720K, 100% used [0x00000000f5500000,0x00000000f7300000,0x00000000f7300000)
  from space 13312K, 68% used [0x00000000f7300000,0x00000000f7bee750,0x00000000f8000000)
  to   space 12800K, 88% used [0x00000000f9d80000,0x00000000fa89fb58,0x00000000faa00000)
 ParOldGen       total 87552K, used 24090K [0x00000000e0000000, 0x00000000e5580000, 0x00000000f5500000)
  object space 87552K, 27% used [0x00000000e0000000,0x00000000e1786808,0x00000000e5580000)
 PSPermGen       total 21504K, used 19046K [0x00000000d8000000, 0x00000000d9500000, 0x00000000e0000000)
  object space 21504K, 88% used [0x00000000d8000000,0x00000000d9299950,0x00000000d9500000)
GC Heap History (10 events):
Event: 15.896 GC heap after
Heap after GC invocations=3 (full 0):
 PSYoungGen      total 38912K, used 5111K [0x00000000f5500000, 0x00000000f8000000, 0x0000000100000000)
  eden space 33792K, 0% used [0x00000000f5500000,0x00000000f5500000,0x00000000f7600000)
  from space 5120K, 99% used [0x00000000f7600000,0x00000000f7afddb0,0x00000000f7b00000)
  to   space 5120K, 0% used [0x00000000f7b00000,0x00000000f7b00000,0x00000000f8000000)
 ParOldGen       total 87552K, used 10054K [0x00000000e0000000, 0x00000000e5580000, 0x00000000f5500000)
  object space 87552K, 11% used [0x00000000e0000000,0x00000000e09d1bf8,0x00000000e5580000)
 PSPermGen       total 21504K, used 13523K [0x00000000d8000000, 0x00000000d9500000, 0x00000000e0000000)
  object space 21504K, 62% used [0x00000000d8000000,0x00000000d8d34d80,0x00000000d9500000)
}
Event: 16.782 GC heap before
{Heap before GC invocations=4 (full 0):
 PSYoungGen      total 38912K, used 38903K [0x00000000f5500000, 0x00000000f8000000, 0x0000000100000000)
  eden space 33792K, 100% used [0x00000000f5500000,0x00000000f7600000,0x00000000f7600000)
  from space 5120K, 99% used [0x00000000f7600000,0x00000000f7afddb0,0x00000000f7b00000)
  to   space 5120K, 0% used [0x00000000f7b00000,0x00000000f7b00000,0x00000000f8000000)
 ParOldGen       total 87552K, used 10054K [0x00000000e0000000, 0x00000000e5580000, 0x00000000f5500000)
  object space 87552K, 11% used [0x00000000e0000000,0x00000000e09d1bf8,0x00000000e5580000)
 PSPermGen       total 21504K, used 14030K [0x00000000d8000000, 0x00000000d9500000, 0x00000000e0000000)
  object space 21504K, 65% used [0x00000000d8000000,0x00000000d8db38c8,0x00000000d9500000)
Event: 16.799 GC heap after
Heap after GC invocations=4 (full 0):
 PSYoungGen      total 38912K, used 5112K [0x00000000f5500000, 0x00000000f8000000, 0x0000000100000000)
  eden space 33792K, 0% used [0x00000000f5500000,0x00000000f5500000,0x00000000f7600000)
  from space 5120K, 99% used [0x00000000f7b00000,0x00000000f7ffe3f8,0x00000000f8000000)
  to   space 5120K, 0% used [0x00000000f7600000,0x00000000f7600000,0x00000000f7b00000)
 ParOldGen       total 87552K, used 14230K [0x00000000e0000000, 0x00000000e5580000, 0x00000000f5500000)
  object space 87552K, 16% used [0x00000000e0000000,0x00000000e0de5808,0x00000000e5580000)
 PSPermGen       total 21504K, used 14030K [0x00000000d8000000, 0x00000000d9500000, 0x00000000e0000000)
  object space 21504K, 65% used [0x00000000d8000000,0x00000000d8db38c8,0x00000000d9500000)
}
Event: 19.173 GC heap before
{Heap before GC invocations=5 (full 0):
 PSYoungGen      total 38912K, used 38904K [0x00000000f5500000, 0x00000000f8000000, 0x0000000100000000)
  eden space 33792K, 100% used [0x00000000f5500000,0x00000000f7600000,0x00000000f7600000)
  from space 5120K, 99% used [0x00000000f7b00000,0x00000000f7ffe3f8,0x00000000f8000000)
  to   space 5120K, 0% used [0x00000000f7600000,0x00000000f7600000,0x00000000f7b00000)
 ParOldGen       total 87552K, used 14230K [0x00000000e0000000, 0x00000000e5580000, 0x00000000f5500000)
  object space 87552K, 16% used [0x00000000e0000000,0x00000000e0de5808,0x00000000e5580000)
 PSPermGen       total 21504K, used 15672K [0x00000000d8000000, 0x00000000d9500000, 0x00000000e0000000)
  object space 21504K, 72% used [0x00000000d8000000,0x00000000d8f4e390,0x00000000d9500000)
Event: 19.187 GC heap after
Heap after GC invocations=5 (full 0):
 PSYoungGen      total 38400K, used 5095K [0x00000000f5500000, 0x00000000f8a80000, 0x0000000100000000)
  eden space 33280K, 0% used [0x00000000f5500000,0x00000000f5500000,0x00000000f7580000)
  from space 5120K, 99% used [0x00000000f7600000,0x00000000f7af9d38,0x00000000f7b00000)
  to   space 10752K, 0% used [0x00000000f8000000,0x00000000f8000000,0x00000000f8a80000)
 ParOldGen       total 87552K, used 16941K [0x00000000e0000000, 0x00000000e5580000, 0x00000000f5500000)
  object space 87552K, 19% used [0x00000000e0000000,0x00000000e108b428,0x00000000e5580000)
 PSPermGen       total 21504K, used 15672K [0x00000000d8000000, 0x00000000d9500000, 0x00000000e0000000)
  object space 21504K, 72% used [0x00000000d8000000,0x00000000d8f4e390,0x00000000d9500000)
}
Event: 20.262 GC heap before
{Heap before GC invocations=6 (full 0):
 PSYoungGen      total 38400K, used 38375K [0x00000000f5500000, 0x00000000f8a80000, 0x0000000100000000)
  eden space 33280K, 100% used [0x00000000f5500000,0x00000000f7580000,0x00000000f7580000)
  from space 5120K, 99% used [0x00000000f7600000,0x00000000f7af9d38,0x00000000f7b00000)
  to   space 10752K, 0% used [0x00000000f8000000,0x00000000f8000000,0x00000000f8a80000)
 ParOldGen       total 87552K, used 16941K [0x00000000e0000000, 0x00000000e5580000, 0x00000000f5500000)
  object space 87552K, 19% used [0x00000000e0000000,0x00000000e108b428,0x00000000e5580000)
 PSPermGen       total 21504K, used 18237K [0x00000000d8000000, 0x00000000d9500000, 0x00000000e0000000)
  object space 21504K, 84% used [0x00000000d8000000,0x00000000d91cf5d8,0x00000000d9500000)
Event: 20.274 GC heap after
Heap after GC invocations=6 (full 0):
 PSYoungGen      total 41472K, used 10746K [0x00000000f5500000, 0x00000000f8f00000, 0x0000000100000000)
  eden space 30720K, 0% used [0x00000000f5500000,0x00000000f5500000,0x00000000f7300000)
  from space 10752K, 99% used [0x00000000f8000000,0x00000000f8a7e870,0x00000000f8a80000)
  to   space 13312K, 0% used [0x00000000f7300000,0x00000000f7300000,0x00000000f8000000)
 ParOldGen       total 87552K, used 19898K [0x00000000e0000000, 0x00000000e5580000, 0x00000000f5500000)
  object space 87552K, 22% used [0x00000000e0000000,0x00000000e136ea28,0x00000000e5580000)
 PSPermGen       total 21504K, used 18237K [0x00000000d8000000, 0x00000000d9500000, 0x00000000e0000000)
  object space 21504K, 84% used [0x00000000d8000000,0x00000000d91cf5d8,0x00000000d9500000)
}
Event: 20.618 GC heap before
{Heap before GC invocations=7 (full 0):
 PSYoungGen      total 41472K, used 41466K [0x00000000f5500000, 0x00000000f8f00000, 0x0000000100000000)
  eden space 30720K, 100% used [0x00000000f5500000,0x00000000f7300000,0x00000000f7300000)
  from space 10752K, 99% used [0x00000000f8000000,0x00000000f8a7e870,0x00000000f8a80000)
  to   space 13312K, 0% used [0x00000000f7300000,0x00000000f7300000,0x00000000f8000000)
 ParOldGen       total 87552K, used 19898K [0x00000000e0000000, 0x00000000e5580000, 0x00000000f5500000)
  object space 87552K, 22% used [0x00000000e0000000,0x00000000e136ea28,0x00000000e5580000)
 PSPermGen       total 21504K, used 18272K [0x00000000d8000000, 0x00000000d9500000, 0x00000000e0000000)
  object space 21504K, 84% used [0x00000000d8000000,0x00000000d91d8348,0x00000000d9500000)
Event: 20.632 GC heap after
Heap after GC invocations=7 (full 0):
 PSYoungGen      total 44032K, used 9145K [0x00000000f5500000, 0x00000000faa00000, 0x0000000100000000)
  eden space 30720K, 0% used [0x00000000f5500000,0x00000000f5500000,0x00000000f7300000)
  from space 13312K, 68% used [0x00000000f7300000,0x00000000f7bee750,0x00000000f8000000)
  to   space 12800K, 0% used [0x00000000f9d80000,0x00000000f9d80000,0x00000000faa00000)
 ParOldGen       total 87552K, used 22993K [0x00000000e0000000, 0x00000000e5580000, 0x00000000f5500000)
  object space 87552K, 26% used [0x00000000e0000000,0x00000000e16744d8,0x00000000e5580000)
 PSPermGen       total 21504K, used 18272K [0x00000000d8000000, 0x00000000d9500000, 0x00000000e0000000)
  object space 21504K, 84% used [0x00000000d8000000,0x00000000d91d8348,0x00000000d9500000)
}
Event: 21.980 GC heap before
{Heap before GC invocations=8 (full 0):
 PSYoungGen      total 44032K, used 39865K [0x00000000f5500000, 0x00000000faa00000, 0x0000000100000000)
  eden space 30720K, 100% used [0x00000000f5500000,0x00000000f7300000,0x00000000f7300000)
  from space 13312K, 68% used [0x00000000f7300000,0x00000000f7bee750,0x00000000f8000000)
  to   space 12800K, 0% used [0x00000000f9d80000,0x00000000f9d80000,0x00000000faa00000)
 ParOldGen       total 87552K, used 22993K [0x00000000e0000000, 0x00000000e5580000, 0x00000000f5500000)
  object space 87552K, 26% used [0x00000000e0000000,0x00000000e16744d8,0x00000000e5580000)
 PSPermGen       total 21504K, used 19046K [0x00000000d8000000, 0x00000000d9500000, 0x00000000e0000000)
  object space 21504K, 88% used [0x00000000d8000000,0x00000000d9299950,0x00000000d9500000)

