# JRE version: Java(TM) SE Runtime Environment (7.0_67-b01) (build 1.7.0_67-b01)
# Java VM: Java HotSpot(TM) 64-Bit Server VM (24.65-b04 mixed mode linux-amd64 compressed oops)
Heap
 PSYoungGen      total 142848K, used 142489K [0x00000000f5500000, 0x00000000fff00000, 0x0000000100000000)
  eden space 134144K, 100% used [0x00000000f5500000,0x00000000fd800000,0x00000000fd800000)
  from space 8704K, 95% used [0x00000000fd800000,0x00000000fe026588,0x00000000fe080000)
  to   space 19968K, 23% used [0x00000000feb80000,0x00000000ff028550,0x00000000fff00000)
 ParOldGen       total 87552K, used 40365K [0x00000000e0000000, 0x00000000e5580000, 0x00000000f5500000)
  object space 87552K, 46% used [0x00000000e0000000,0x00000000e276b490,0x00000000e5580000)
 PSPermGen       total 25600K, used 25232K [0x00000000d8000000, 0x00000000d9900000, 0x00000000e0000000)
  object space 25600K, 98% used [0x00000000d8000000,0x00000000d98a4068,0x00000000d9900000)
GC Heap History (10 events):
Event: 1.920 GC heap after
Heap after GC invocations=3 (full 0):
 PSYoungGen      total 72704K, used 5106K [0x00000000f5500000, 0x00000000fe300000, 0x0000000100000000)
  eden space 67584K, 0% used [0x00000000f5500000,0x00000000f5500000,0x00000000f9700000)
  from space 5120K, 99% used [0x00000000f9700000,0x00000000f9bfc9e0,0x00000000f9c00000)
  to   space 5120K, 0% used [0x00000000fde00000,0x00000000fde00000,0x00000000fe300000)
 ParOldGen       total 87552K, used 14024K [0x00000000e0000000, 0x00000000e5580000, 0x00000000f5500000)
  object space 87552K, 16% used [0x00000000e0000000,0x00000000e0db22b8,0x00000000e5580000)
 PSPermGen       total 21504K, used 14006K [0x00000000d8000000, 0x00000000d9500000, 0x00000000e0000000)
  object space 21504K, 65% used [0x00000000d8000000,0x00000000d8dadb28,0x00000000d9500000)
}
Event: 2.773 GC heap before
{Heap before GC invocations=4 (full 0):
 PSYoungGen      total 72704K, used 72690K [0x00000000f5500000, 0x00000000fe300000, 0x0000000100000000)
  eden space 67584K, 100% used [0x00000000f5500000,0x00000000f9700000,0x00000000f9700000)
  from space 5120K, 99% used [0x00000000f9700000,0x00000000f9bfc9e0,0x00000000f9c00000)
  to   space 5120K, 0% used [0x00000000fde00000,0x00000000fde00000,0x00000000fe300000)
 ParOldGen       total 87552K, used 14024K [0x00000000e0000000, 0x00000000e5580000, 0x00000000f5500000)
  object space 87552K, 16% used [0x00000000e0000000,0x00000000e0db22b8,0x00000000e5580000)
 PSPermGen       total 21504K, used 18122K [0x00000000d8000000, 0x00000000d9500000, 0x00000000e0000000)
  object space 21504K, 84% used [0x00000000d8000000,0x00000000d91b2a78,0x00000000d9500000)
Event: 2.789 GC heap after
Heap after GC invocations=4 (full 0):
 PSYoungGen      total 140288K, used 5104K [0x00000000f5500000, 0x00000000fe300000, 0x0000000100000000)
  eden space 135168K, 0% used [0x00000000f5500000,0x00000000f5500000,0x00000000fd900000)
  from space 5120K, 99% used [0x00000000fde00000,0x00000000fe2fc028,0x00000000fe300000)
  to   space 5120K, 0% used [0x00000000fd900000,0x00000000fd900000,0x00000000fde00000)
 ParOldGen       total 87552K, used 25894K [0x00000000e0000000, 0x00000000e5580000, 0x00000000f5500000)
  object space 87552K, 29% used [0x00000000e0000000,0x00000000e1949958,0x00000000e5580000)
 PSPermGen       total 21504K, used 18122K [0x00000000d8000000, 0x00000000d9500000, 0x00000000e0000000)
  object space 21504K, 84% used [0x00000000d8000000,0x00000000d91b2a78,0x00000000d9500000)
}
Event: 3.710 GC heap before
{Heap before GC invocations=5 (full 0):
 PSYoungGen      total 140288K, used 140272K [0x00000000f5500000, 0x00000000fe300000, 0x0000000100000000)
  eden space 135168K, 100% used [0x00000000f5500000,0x00000000fd900000,0x00000000fd900000)
  from space 5120K, 99% used [0x00000000fde00000,0x00000000fe2fc028,0x00000000fe300000)
  to   space 5120K, 0% used [0x00000000fd900000,0x00000000fd900000,0x00000000fde00000)
 ParOldGen       total 87552K, used 25894K [0x00000000e0000000, 0x00000000e5580000, 0x00000000f5500000)
  object space 87552K, 29% used [0x00000000e0000000,0x00000000e1949958,0x00000000e5580000)
 PSPermGen       total 22528K, used 22512K [0x00000000d8000000, 0x00000000d9600000, 0x00000000e0000000)
  object space 22528K, 99% used [0x00000000d8000000,0x00000000d95fc2c0,0x00000000d9600000)
Event: 3.732 GC heap after
Heap after GC invocations=5 (full 0):
 PSYoungGen      total 140288K, used 5102K [0x00000000f5500000, 0x0000000100000000, 0x0000000100000000)
  eden space 135168K, 0% used [0x00000000f5500000,0x00000000f5500000,0x00000000fd900000)
  from space 5120K, 99% used [0x00000000fd900000,0x00000000fddfba38,0x00000000fde00000)
  to   space 20480K, 0% used [0x00000000fec00000,0x00000000fec00000,0x0000000100000000)
 ParOldGen       total 87552K, used 36664K [0x00000000e0000000, 0x00000000e5580000, 0x00000000f5500000)
  object space 87552K, 41% used [0x00000000e0000000,0x00000000e23ce3d8,0x00000000e5580000)
 PSPermGen       total 22528K, used 22512K [0x00000000d8000000, 0x00000000d9600000, 0x00000000e0000000)
  object space 22528K, 99% used [0x00000000d8000000,0x00000000d95fc2c0,0x00000000d9600000)
}
Event: 3.943 GC heap before
{Heap before GC invocations=6 (full 0):
 PSYoungGen      total 140288K, used 140270K [0x00000000f5500000, 0x0000000100000000, 0x0000000100000000)
  eden space 135168K, 100% used [0x00000000f5500000,0x00000000fd900000,0x00000000fd900000)
  from space 5120K, 99% used [0x00000000fd900000,0x00000000fddfba38,0x00000000fde00000)
  to   space 20480K, 0% used [0x00000000fec00000,0x00000000fec00000,0x0000000100000000)
 ParOldGen       total 87552K, used 36664K [0x00000000e0000000, 0x00000000e5580000, 0x00000000f5500000)
  object space 87552K, 41% used [0x00000000e0000000,0x00000000e23ce3d8,0x00000000e5580000)
 PSPermGen       total 23040K, used 22730K [0x00000000d8000000, 0x00000000d9680000, 0x00000000e0000000)
  object space 23040K, 98% used [0x00000000d8000000,0x00000000d9632b30,0x00000000d9680000)
Event: 3.955 GC heap after
Heap after GC invocations=6 (full 0):
 PSYoungGen      total 154624K, used 6974K [0x00000000f5500000, 0x0000000100000000, 0x0000000100000000)
  eden space 134144K, 0% used [0x00000000f5500000,0x00000000f5500000,0x00000000fd800000)
  from space 20480K, 34% used [0x00000000fec00000,0x00000000ff2cfa28,0x0000000100000000)
  to   space 20480K, 0% used [0x00000000fd800000,0x00000000fd800000,0x00000000fec00000)
 ParOldGen       total 87552K, used 36664K [0x00000000e0000000, 0x00000000e5580000, 0x00000000f5500000)
  object space 87552K, 41% used [0x00000000e0000000,0x00000000e23ce3d8,0x00000000e5580000)
 PSPermGen       total 23040K, used 22730K [0x00000000d8000000, 0x00000000d9680000, 0x00000000e0000000)
  object space 23040K, 98% used [0x00000000d8000000,0x00000000d9632b30,0x00000000d9680000)
}
Event: 4.201 GC heap before
{Heap before GC invocations=7 (full 0):
 PSYoungGen      total 154624K, used 141118K [0x00000000f5500000, 0x0000000100000000, 0x0000000100000000)
  eden space 134144K, 100% used [0x00000000f5500000,0x00000000fd800000,0x00000000fd800000)
  from space 20480K, 34% used [0x00000000fec00000,0x00000000ff2cfa28,0x0000000100000000)
  to   space 20480K, 0% used [0x00000000fd800000,0x00000000fd800000,0x00000000fec00000)
 ParOldGen       total 87552K, used 36664K [0x00000000e0000000, 0x00000000e5580000, 0x00000000f5500000)
  object space 87552K, 41% used [0x00000000e0000000,0x00000000e23ce3d8,0x00000000e5580000)
 PSPermGen       total 24576K, used 24177K [0x00000000d8000000, 0x00000000d9800000, 0x00000000e0000000)
  object space 24576K, 98% used [0x00000000d8000000,0x00000000d979c438,0x00000000d9800000)
Event: 4.216 GC heap after
Heap after GC invocations=7 (full 0):
 PSYoungGen      total 142848K, used 8345K [0x00000000f5500000, 0x00000000fff00000, 0x0000000100000000)
  eden space 134144K, 0% used [0x00000000f5500000,0x00000000f5500000,0x00000000fd800000)
  from space 8704K, 95% used [0x00000000fd800000,0x00000000fe026588,0x00000000fe080000)
  to   space 19968K, 0% used [0x00000000feb80000,0x00000000feb80000,0x00000000fff00000)
 ParOldGen       total 87552K, used 39357K [0x00000000e0000000, 0x00000000e5580000, 0x00000000f5500000)
  object space 87552K, 44% used [0x00000000e0000000,0x00000000e266f458,0x00000000e5580000)
 PSPermGen       total 24576K, used 24177K [0x00000000d8000000, 0x00000000d9800000, 0x00000000e0000000)
  object space 24576K, 98% used [0x00000000d8000000,0x00000000d979c438,0x00000000d9800000)
}
Event: 6.484 GC heap before
{Heap before GC invocations=8 (full 0):
 PSYoungGen      total 142848K, used 142489K [0x00000000f5500000, 0x00000000fff00000, 0x0000000100000000)
  eden space 134144K, 100% used [0x00000000f5500000,0x00000000fd800000,0x00000000fd800000)
  from space 8704K, 95% used [0x00000000fd800000,0x00000000fe026588,0x00000000fe080000)
  to   space 19968K, 0% used [0x00000000feb80000,0x00000000feb80000,0x00000000fff00000)
 ParOldGen       total 87552K, used 39357K [0x00000000e0000000, 0x00000000e5580000, 0x00000000f5500000)
  object space 87552K, 44% used [0x00000000e0000000,0x00000000e266f458,0x00000000e5580000)
 PSPermGen       total 25600K, used 25232K [0x00000000d8000000, 0x00000000d9900000, 0x00000000e0000000)
  object space 25600K, 98% used [0x00000000d8000000,0x00000000d98a4068,0x00000000d9900000)

