# JRE version: Java(TM) SE Runtime Environment (7.0_67-b01) (build 1.7.0_67-b01)
# Java VM: Java HotSpot(TM) 64-Bit Server VM (24.65-b04 mixed mode linux-amd64 compressed oops)
Heap
 PSYoungGen      total 111104K, used 101322K [0x00000000f5500000, 0x0000000100000000, 0x0000000100000000)
  eden space 96256K, 100% used [0x00000000f5500000,0x00000000fb300000,0x00000000fb300000)
  from space 14848K, 34% used [0x00000000fb300000,0x00000000fb7f2928,0x00000000fc180000)
  to   space 14848K, 1% used [0x00000000ff180000,0x00000000ff1c8000,0x0000000100000000)
 ParOldGen       total 87552K, used 38918K [0x00000000e0000000, 0x00000000e5580000, 0x00000000f5500000)
  object space 87552K, 44% used [0x00000000e0000000,0x00000000e2601898,0x00000000e5580000)
 PSPermGen       total 25088K, used 24791K [0x00000000d8000000, 0x00000000d9880000, 0x00000000e0000000)
  object space 25088K, 98% used [0x00000000d8000000,0x00000000d9835ec0,0x00000000d9880000)
GC Heap History (10 events):
Event: 16.868 GC heap after
Heap after GC invocations=7 (full 0):
 PSYoungGen      total 44032K, used 10571K [0x00000000f5500000, 0x00000000fab00000, 0x0000000100000000)
  eden space 30720K, 0% used [0x00000000f5500000,0x00000000f5500000,0x00000000f7300000)
  from space 13312K, 79% used [0x00000000f7300000,0x00000000f7d52e10,0x00000000f8000000)
  to   space 13312K, 0% used [0x00000000f9e00000,0x00000000f9e00000,0x00000000fab00000)
 ParOldGen       total 87552K, used 24122K [0x00000000e0000000, 0x00000000e5580000, 0x00000000f5500000)
  object space 87552K, 27% used [0x00000000e0000000,0x00000000e178ea00,0x00000000e5580000)
 PSPermGen       total 21504K, used 18304K [0x00000000d8000000, 0x00000000d9500000, 0x00000000e0000000)
  object space 21504K, 85% used [0x00000000d8000000,0x00000000d91e0218,0x00000000d9500000)
}
Event: 17.497 GC heap before
{Heap before GC invocations=8 (full 0):
 PSYoungGen      total 44032K, used 41291K [0x00000000f5500000, 0x00000000fab00000, 0x0000000100000000)
  eden space 30720K, 100% used [0x00000000f5500000,0x00000000f7300000,0x00000000f7300000)
  from space 13312K, 79% used [0x00000000f7300000,0x00000000f7d52e10,0x00000000f8000000)
  to   space 13312K, 0% used [0x00000000f9e00000,0x00000000f9e00000,0x00000000fab00000)
 ParOldGen       total 87552K, used 24122K [0x00000000e0000000, 0x00000000e5580000, 0x00000000f5500000)
  object space 87552K, 27% used [0x00000000e0000000,0x00000000e178ea00,0x00000000e5580000)
 PSPermGen       total 21504K, used 19398K [0x00000000d8000000, 0x00000000d9500000, 0x00000000e0000000)
  object space 21504K, 90% used [0x00000000d8000000,0x00000000d92f1ba0,0x00000000d9500000)
Event: 17.509 GC heap after
Heap after GC invocations=8 (full 0):
 PSYoungGen      total 73728K, used 11792K [0x00000000f5500000, 0x00000000fad00000, 0x0000000100000000)
  eden space 60416K, 0% used [0x00000000f5500000,0x00000000f5500000,0x00000000f9000000)
  from space 13312K, 88% used [0x00000000f9e00000,0x00000000fa984160,0x00000000fab00000)
  to   space 14336K, 0% used [0x00000000f9000000,0x00000000f9000000,0x00000000f9e00000)
 ParOldGen       total 87552K, used 24611K [0x00000000e0000000, 0x00000000e5580000, 0x00000000f5500000)
  object space 87552K, 28% used [0x00000000e0000000,0x00000000e1808e18,0x00000000e5580000)
 PSPermGen       total 21504K, used 19398K [0x00000000d8000000, 0x00000000d9500000, 0x00000000e0000000)
  object space 21504K, 90% used [0x00000000d8000000,0x00000000d92f1ba0,0x00000000d9500000)
}
Event: 17.670 GC heap before
{Heap before GC invocations=9 (full 0):
 PSYoungGen      total 73728K, used 72208K [0x00000000f5500000, 0x00000000fad00000, 0x0000000100000000)
  eden space 60416K, 100% used [0x00000000f5500000,0x00000000f9000000,0x00000000f9000000)
  from space 13312K, 88% used [0x00000000f9e00000,0x00000000fa984160,0x00000000fab00000)
  to   space 14336K, 0% used [0x00000000f9000000,0x00000000f9000000,0x00000000f9e00000)
 ParOldGen       total 87552K, used 24611K [0x00000000e0000000, 0x00000000e5580000, 0x00000000f5500000)
  object space 87552K, 28% used [0x00000000e0000000,0x00000000e1808e18,0x00000000e5580000)
 PSPermGen       total 21504K, used 19605K [0x00000000d8000000, 0x00000000d9500000, 0x00000000e0000000)
  object space 21504K, 91% used [0x00000000d8000000,0x00000000d93255b0,0x00000000d9500000)
Event: 17.679 GC heap after
Heap after GC invocations=9 (full 0):
 PSYoungGen      total 74752K, used 6062K [0x00000000f5500000, 0x00000000fcf80000, 0x0000000100000000)
  eden space 60416K, 0% used [0x00000000f5500000,0x00000000f5500000,0x00000000f9000000)
  from space 14336K, 42% used [0x00000000f9000000,0x00000000f95ebad8,0x00000000f9e00000)
  to   space 14336K, 0% used [0x00000000fc180000,0x00000000fc180000,0x00000000fcf80000)
 ParOldGen       total 87552K, used 30540K [0x00000000e0000000, 0x00000000e5580000, 0x00000000f5500000)
  object space 87552K, 34% used [0x00000000e0000000,0x00000000e1dd3398,0x00000000e5580000)
 PSPermGen       total 21504K, used 19605K [0x00000000d8000000, 0x00000000d9500000, 0x00000000e0000000)
  object space 21504K, 91% used [0x00000000d8000000,0x00000000d93255b0,0x00000000d9500000)
}
Event: 18.324 GC heap before
{Heap before GC invocations=10 (full 0):
 PSYoungGen      total 74752K, used 66478K [0x00000000f5500000, 0x00000000fcf80000, 0x0000000100000000)
  eden space 60416K, 100% used [0x00000000f5500000,0x00000000f9000000,0x00000000f9000000)
  from space 14336K, 42% used [0x00000000f9000000,0x00000000f95ebad8,0x00000000f9e00000)
  to   space 14336K, 0% used [0x00000000fc180000,0x00000000fc180000,0x00000000fcf80000)
 ParOldGen       total 87552K, used 30540K [0x00000000e0000000, 0x00000000e5580000, 0x00000000f5500000)
  object space 87552K, 34% used [0x00000000e0000000,0x00000000e1dd3398,0x00000000e5580000)
 PSPermGen       total 21504K, used 20569K [0x00000000d8000000, 0x00000000d9500000, 0x00000000e0000000)
  object space 21504K, 95% used [0x00000000d8000000,0x00000000d94165a0,0x00000000d9500000)
Event: 18.332 GC heap after
Heap after GC invocations=10 (full 0):
 PSYoungGen      total 110592K, used 3579K [0x00000000f5500000, 0x00000000fd080000, 0x0000000100000000)
  eden space 96256K, 0% used [0x00000000f5500000,0x00000000f5500000,0x00000000fb300000)
  from space 14336K, 24% used [0x00000000fc180000,0x00000000fc4fede8,0x00000000fcf80000)
  to   space 14848K, 0% used [0x00000000fb300000,0x00000000fb300000,0x00000000fc180000)
 ParOldGen       total 87552K, used 36065K [0x00000000e0000000, 0x00000000e5580000, 0x00000000f5500000)
  object space 87552K, 41% used [0x00000000e0000000,0x00000000e2338520,0x00000000e5580000)
 PSPermGen       total 21504K, used 20569K [0x00000000d8000000, 0x00000000d9500000, 0x00000000e0000000)
  object space 21504K, 95% used [0x00000000d8000000,0x00000000d94165a0,0x00000000d9500000)
}
Event: 19.660 GC heap before
{Heap before GC invocations=11 (full 0):
 PSYoungGen      total 110592K, used 99835K [0x00000000f5500000, 0x00000000fd080000, 0x0000000100000000)
  eden space 96256K, 100% used [0x00000000f5500000,0x00000000fb300000,0x00000000fb300000)
  from space 14336K, 24% used [0x00000000fc180000,0x00000000fc4fede8,0x00000000fcf80000)
  to   space 14848K, 0% used [0x00000000fb300000,0x00000000fb300000,0x00000000fc180000)
 ParOldGen       total 87552K, used 36065K [0x00000000e0000000, 0x00000000e5580000, 0x00000000f5500000)
  object space 87552K, 41% used [0x00000000e0000000,0x00000000e2338520,0x00000000e5580000)
 PSPermGen       total 23040K, used 22788K [0x00000000d8000000, 0x00000000d9680000, 0x00000000e0000000)
  object space 23040K, 98% used [0x00000000d8000000,0x00000000d9641290,0x00000000d9680000)
Event: 19.666 GC heap after
Heap after GC invocations=11 (full 0):
 PSYoungGen      total 111104K, used 5066K [0x00000000f5500000, 0x0000000100000000, 0x0000000100000000)
  eden space 96256K, 0% used [0x00000000f5500000,0x00000000f5500000,0x00000000fb300000)
  from space 14848K, 34% used [0x00000000fb300000,0x00000000fb7f2928,0x00000000fc180000)
  to   space 14848K, 0% used [0x00000000ff180000,0x00000000ff180000,0x0000000100000000)
 ParOldGen       total 87552K, used 37853K [0x00000000e0000000, 0x00000000e5580000, 0x00000000f5500000)
  object space 87552K, 43% used [0x00000000e0000000,0x00000000e24f74a8,0x00000000e5580000)
 PSPermGen       total 23040K, used 22788K [0x00000000d8000000, 0x00000000d9680000, 0x00000000e0000000)
  object space 23040K, 98% used [0x00000000d8000000,0x00000000d9641290,0x00000000d9680000)
}
Event: 21.951 GC heap before
{Heap before GC invocations=12 (full 0):
 PSYoungGen      total 111104K, used 101322K [0x00000000f5500000, 0x0000000100000000, 0x0000000100000000)
  eden space 96256K, 100% used [0x00000000f5500000,0x00000000fb300000,0x00000000fb300000)
  from space 14848K, 34% used [0x00000000fb300000,0x00000000fb7f2928,0x00000000fc180000)
  to   space 14848K, 0% used [0x00000000ff180000,0x00000000ff180000,0x0000000100000000)
 ParOldGen       total 87552K, used 37853K [0x00000000e0000000, 0x00000000e5580000, 0x00000000f5500000)
  object space 87552K, 43% used [0x00000000e0000000,0x00000000e24f74a8,0x00000000e5580000)
 PSPermGen       total 25088K, used 24791K [0x00000000d8000000, 0x00000000d9880000, 0x00000000e0000000)
  object space 25088K, 98% used [0x00000000d8000000,0x00000000d9835ec0,0x00000000d9880000)

