# JRE version: Java(TM) SE Runtime Environment (7.0_67-b01) (build 1.7.0_67-b01)
# Java VM: Java HotSpot(TM) 64-Bit Server VM (24.65-b04 mixed mode linux-amd64 compressed oops)
Heap
 PSYoungGen      total 151552K, used 151535K [0x00000000f5500000, 0x0000000100000000, 0x0000000100000000)
  eden space 136192K, 100% used [0x00000000f5500000,0x00000000fda00000,0x00000000fda00000)
  from space 15360K, 99% used [0x00000000ff100000,0x00000000ffffbc30,0x0000000100000000)
  to   space 19456K, 47% used [0x00000000fda00000,0x00000000fe2f2f70,0x00000000fed00000)
 ParOldGen       total 87552K, used 55052K [0x00000000e0000000, 0x00000000e5580000, 0x00000000f5500000)
  object space 87552K, 62% used [0x00000000e0000000,0x00000000e35c3108,0x00000000e5580000)
 PSPermGen       total 26624K, used 26332K [0x00000000d8000000, 0x00000000d9a00000, 0x00000000e0000000)
  object space 26624K, 98% used [0x00000000d8000000,0x00000000d99b7110,0x00000000d9a00000)
GC Heap History (10 events):
Event: 9.604 GC heap after
Heap after GC invocations=8 (full 0):
 PSYoungGen      total 143360K, used 11775K [0x00000000f5500000, 0x00000000ff400000, 0x0000000100000000)
  eden space 131584K, 0% used [0x00000000f5500000,0x00000000f5500000,0x00000000fd580000)
  from space 11776K, 99% used [0x00000000fe380000,0x00000000feeffcf0,0x00000000fef00000)
  to   space 14336K, 0% used [0x00000000fd580000,0x00000000fd580000,0x00000000fe380000)
 ParOldGen       total 87552K, used 23108K [0x00000000e0000000, 0x00000000e5580000, 0x00000000f5500000)
  object space 87552K, 26% used [0x00000000e0000000,0x00000000e16912a0,0x00000000e5580000)
 PSPermGen       total 22016K, used 21823K [0x00000000d8000000, 0x00000000d9580000, 0x00000000e0000000)
  object space 22016K, 99% used [0x00000000d8000000,0x00000000d954ffb8,0x00000000d9580000)
}
Event: 9.814 GC heap before
{Heap before GC invocations=9 (full 0):
 PSYoungGen      total 143360K, used 143359K [0x00000000f5500000, 0x00000000ff400000, 0x0000000100000000)
  eden space 131584K, 100% used [0x00000000f5500000,0x00000000fd580000,0x00000000fd580000)
  from space 11776K, 99% used [0x00000000fe380000,0x00000000feeffcf0,0x00000000fef00000)
  to   space 14336K, 0% used [0x00000000fd580000,0x00000000fd580000,0x00000000fe380000)
 ParOldGen       total 87552K, used 23108K [0x00000000e0000000, 0x00000000e5580000, 0x00000000f5500000)
  object space 87552K, 26% used [0x00000000e0000000,0x00000000e16912a0,0x00000000e5580000)
 PSPermGen       total 23040K, used 23002K [0x00000000d8000000, 0x00000000d9680000, 0x00000000e0000000)
  object space 23040K, 99% used [0x00000000d8000000,0x00000000d9676b78,0x00000000d9680000)
Event: 9.829 GC heap after
Heap after GC invocations=9 (full 0):
 PSYoungGen      total 145920K, used 11941K [0x00000000f5500000, 0x0000000100000000, 0x0000000100000000)
  eden space 131584K, 0% used [0x00000000f5500000,0x00000000f5500000,0x00000000fd580000)
  from space 14336K, 83% used [0x00000000fd580000,0x00000000fe129680,0x00000000fe380000)
  to   space 14848K, 0% used [0x00000000ff180000,0x00000000ff180000,0x0000000100000000)
 ParOldGen       total 87552K, used 26166K [0x00000000e0000000, 0x00000000e5580000, 0x00000000f5500000)
  object space 87552K, 29% used [0x00000000e0000000,0x00000000e198d908,0x00000000e5580000)
 PSPermGen       total 23040K, used 23002K [0x00000000d8000000, 0x00000000d9680000, 0x00000000e0000000)
  object space 23040K, 99% used [0x00000000d8000000,0x00000000d9676b78,0x00000000d9680000)
}
Event: 9.981 GC heap before
{Heap before GC invocations=10 (full 0):
 PSYoungGen      total 145920K, used 143525K [0x00000000f5500000, 0x0000000100000000, 0x0000000100000000)
  eden space 131584K, 100% used [0x00000000f5500000,0x00000000fd580000,0x00000000fd580000)
  from space 14336K, 83% used [0x00000000fd580000,0x00000000fe129680,0x00000000fe380000)
  to   space 14848K, 0% used [0x00000000ff180000,0x00000000ff180000,0x0000000100000000)
 ParOldGen       total 87552K, used 26166K [0x00000000e0000000, 0x00000000e5580000, 0x00000000f5500000)
  object space 87552K, 29% used [0x00000000e0000000,0x00000000e198d908,0x00000000e5580000)
 PSPermGen       total 23552K, used 23486K [0x00000000d8000000, 0x00000000d9700000, 0x00000000e0000000)
  object space 23552K, 99% used [0x00000000d8000000,0x00000000d96ef9d0,0x00000000d9700000)
Event: 10.004 GC heap after
Heap after GC invocations=10 (full 0):
 PSYoungGen      total 160256K, used 5212K [0x00000000f5500000, 0x0000000100000000, 0x0000000100000000)
  eden space 145408K, 0% used [0x00000000f5500000,0x00000000f5500000,0x00000000fe300000)
  from space 14848K, 35% used [0x00000000ff180000,0x00000000ff697110,0x0000000100000000)
  to   space 14848K, 0% used [0x00000000fe300000,0x00000000fe300000,0x00000000ff180000)
 ParOldGen       total 87552K, used 34897K [0x00000000e0000000, 0x00000000e5580000, 0x00000000f5500000)
  object space 87552K, 39% used [0x00000000e0000000,0x00000000e2214708,0x00000000e5580000)
 PSPermGen       total 23552K, used 23486K [0x00000000d8000000, 0x00000000d9700000, 0x00000000e0000000)
  object space 23552K, 99% used [0x00000000d8000000,0x00000000d96ef9d0,0x00000000d9700000)
}
Event: 10.826 GC heap before
{Heap before GC invocations=11 (full 0):
 PSYoungGen      total 160256K, used 150620K [0x00000000f5500000, 0x0000000100000000, 0x0000000100000000)
  eden space 145408K, 100% used [0x00000000f5500000,0x00000000fe300000,0x00000000fe300000)
  from space 14848K, 35% used [0x00000000ff180000,0x00000000ff697110,0x0000000100000000)
  to   space 14848K, 0% used [0x00000000fe300000,0x00000000fe300000,0x00000000ff180000)
 ParOldGen       total 87552K, used 34897K [0x00000000e0000000, 0x00000000e5580000, 0x00000000f5500000)
  object space 87552K, 39% used [0x00000000e0000000,0x00000000e2214708,0x00000000e5580000)
 PSPermGen       total 25600K, used 25593K [0x00000000d8000000, 0x00000000d9900000, 0x00000000e0000000)
  object space 25600K, 99% used [0x00000000d8000000,0x00000000d98fe578,0x00000000d9900000)
Event: 10.842 GC heap after
Heap after GC invocations=11 (full 0):
 PSYoungGen      total 151040K, used 5239K [0x00000000f5500000, 0x0000000100000000, 0x0000000100000000)
  eden space 145408K, 0% used [0x00000000f5500000,0x00000000f5500000,0x00000000fe300000)
  from space 5632K, 93% used [0x00000000fe300000,0x00000000fe81dec8,0x00000000fe880000)
  to   space 15360K, 0% used [0x00000000ff100000,0x00000000ff100000,0x0000000100000000)
 ParOldGen       total 87552K, used 39460K [0x00000000e0000000, 0x00000000e5580000, 0x00000000f5500000)
  object space 87552K, 45% used [0x00000000e0000000,0x00000000e2689200,0x00000000e5580000)
 PSPermGen       total 25600K, used 25593K [0x00000000d8000000, 0x00000000d9900000, 0x00000000e0000000)
  object space 25600K, 99% used [0x00000000d8000000,0x00000000d98fe578,0x00000000d9900000)
}
Event: 12.961 GC heap before
{Heap before GC invocations=12 (full 0):
 PSYoungGen      total 151040K, used 150647K [0x00000000f5500000, 0x0000000100000000, 0x0000000100000000)
  eden space 145408K, 100% used [0x00000000f5500000,0x00000000fe300000,0x00000000fe300000)
  from space 5632K, 93% used [0x00000000fe300000,0x00000000fe81dec8,0x00000000fe880000)
  to   space 15360K, 0% used [0x00000000ff100000,0x00000000ff100000,0x0000000100000000)
 ParOldGen       total 87552K, used 39460K [0x00000000e0000000, 0x00000000e5580000, 0x00000000f5500000)
  object space 87552K, 45% used [0x00000000e0000000,0x00000000e2689200,0x00000000e5580000)
 PSPermGen       total 26112K, used 26019K [0x00000000d8000000, 0x00000000d9980000, 0x00000000e0000000)
  object space 26112K, 99% used [0x00000000d8000000,0x00000000d9968e10,0x00000000d9980000)
Event: 12.983 GC heap after
Heap after GC invocations=12 (full 0):
 PSYoungGen      total 151552K, used 15343K [0x00000000f5500000, 0x0000000100000000, 0x0000000100000000)
  eden space 136192K, 0% used [0x00000000f5500000,0x00000000f5500000,0x00000000fda00000)
  from space 15360K, 99% used [0x00000000ff100000,0x00000000ffffbc30,0x0000000100000000)
  to   space 19456K, 0% used [0x00000000fda00000,0x00000000fda00000,0x00000000fed00000)
 ParOldGen       total 87552K, used 45834K [0x00000000e0000000, 0x00000000e5580000, 0x00000000f5500000)
  object space 87552K, 52% used [0x00000000e0000000,0x00000000e2cc2b90,0x00000000e5580000)
 PSPermGen       total 26112K, used 26019K [0x00000000d8000000, 0x00000000d9980000, 0x00000000e0000000)
  object space 26112K, 99% used [0x00000000d8000000,0x00000000d9968e10,0x00000000d9980000)
}
Event: 16.189 GC heap before
{Heap before GC invocations=13 (full 0):
 PSYoungGen      total 151552K, used 151535K [0x00000000f5500000, 0x0000000100000000, 0x0000000100000000)
  eden space 136192K, 100% used [0x00000000f5500000,0x00000000fda00000,0x00000000fda00000)
  from space 15360K, 99% used [0x00000000ff100000,0x00000000ffffbc30,0x0000000100000000)
  to   space 19456K, 0% used [0x00000000fda00000,0x00000000fda00000,0x00000000fed00000)
 ParOldGen       total 87552K, used 45834K [0x00000000e0000000, 0x00000000e5580000, 0x00000000f5500000)
  object space 87552K, 52% used [0x00000000e0000000,0x00000000e2cc2b90,0x00000000e5580000)
 PSPermGen       total 26624K, used 26332K [0x00000000d8000000, 0x00000000d9a00000, 0x00000000e0000000)
  object space 26624K, 98% used [0x00000000d8000000,0x00000000d99b7110,0x00000000d9a00000)

