# JRE version: Java(TM) SE Runtime Environment (7.0_67-b01) (build 1.7.0_67-b01)
# Java VM: Java HotSpot(TM) 64-Bit Server VM (24.65-b04 mixed mode linux-amd64 compressed oops)
Heap
 PSYoungGen      total 38912K, used 38906K [0x00000000f5500000, 0x00000000f8000000, 0x0000000100000000)
  eden space 33792K, 100% used [0x00000000f5500000,0x00000000f7600000,0x00000000f7600000)
  from space 5120K, 99% used [0x00000000f7b00000,0x00000000f7ffea50,0x00000000f8000000)
  to   space 5120K, 99% used [0x00000000f7600000,0x00000000f7afea50,0x00000000f7b00000)
 ParOldGen       total 87552K, used 7812K [0x00000000e0000000, 0x00000000e5580000, 0x00000000f5500000)
  object space 87552K, 8% used [0x00000000e0000000,0x00000000e07a12b0,0x00000000e5580000)
 PSPermGen       total 21504K, used 13329K [0x00000000d8000000, 0x00000000d9500000, 0x00000000e0000000)
  object space 21504K, 61% used [0x00000000d8000000,0x00000000d8d04600,0x00000000d9500000)
GC Heap History (5 events):
Event: 17.906 GC heap before
{Heap before GC invocations=1 (full 0):
 PSYoungGen      total 38912K, used 33792K [0x00000000f5500000, 0x00000000f8000000, 0x0000000100000000)
  eden space 33792K, 100% used [0x00000000f5500000,0x00000000f7600000,0x00000000f7600000)
  from space 5120K, 0% used [0x00000000f7b00000,0x00000000f7b00000,0x00000000f8000000)
  to   space 5120K, 0% used [0x00000000f7600000,0x00000000f7600000,0x00000000f7b00000)
 ParOldGen       total 87552K, used 0K [0x00000000e0000000, 0x00000000e5580000, 0x00000000f5500000)
  object space 87552K, 0% used [0x00000000e0000000,0x00000000e0000000,0x00000000e5580000)
 PSPermGen       total 21504K, used 7420K [0x00000000d8000000, 0x00000000d9500000, 0x00000000e0000000)
  object space 21504K, 34% used [0x00000000d8000000,0x00000000d873f170,0x00000000d9500000)
Event: 17.918 GC heap after
Heap after GC invocations=1 (full 0):
 PSYoungGen      total 38912K, used 5117K [0x00000000f5500000, 0x00000000f8000000, 0x0000000100000000)
  eden space 33792K, 0% used [0x00000000f5500000,0x00000000f5500000,0x00000000f7600000)
  from space 5120K, 99% used [0x00000000f7600000,0x00000000f7aff4f8,0x00000000f7b00000)
  to   space 5120K, 0% used [0x00000000f7b00000,0x00000000f7b00000,0x00000000f8000000)
 ParOldGen       total 87552K, used 1724K [0x00000000e0000000, 0x00000000e5580000, 0x00000000f5500000)
  object space 87552K, 1% used [0x00000000e0000000,0x00000000e01af228,0x00000000e5580000)
 PSPermGen       total 21504K, used 7420K [0x00000000d8000000, 0x00000000d9500000, 0x00000000e0000000)
  object space 21504K, 34% used [0x00000000d8000000,0x00000000d873f170,0x00000000d9500000)
}
Event: 26.355 GC heap before
{Heap before GC invocations=2 (full 0):
 PSYoungGen      total 38912K, used 38909K [0x00000000f5500000, 0x00000000f8000000, 0x0000000100000000)
  eden space 33792K, 100% used [0x00000000f5500000,0x00000000f7600000,0x00000000f7600000)
  from space 5120K, 99% used [0x00000000f7600000,0x00000000f7aff4f8,0x00000000f7b00000)
  to   space 5120K, 0% used [0x00000000f7b00000,0x00000000f7b00000,0x00000000f8000000)
 ParOldGen       total 87552K, used 1724K [0x00000000e0000000, 0x00000000e5580000, 0x00000000f5500000)
  object space 87552K, 1% used [0x00000000e0000000,0x00000000e01af228,0x00000000e5580000)
 PSPermGen       total 21504K, used 11456K [0x00000000d8000000, 0x00000000d9500000, 0x00000000e0000000)
  object space 21504K, 53% used [0x00000000d8000000,0x00000000d8b30210,0x00000000d9500000)
Event: 26.403 GC heap after
Heap after GC invocations=2 (full 0):
 PSYoungGen      total 38912K, used 5114K [0x00000000f5500000, 0x00000000f8000000, 0x0000000100000000)
  eden space 33792K, 0% used [0x00000000f5500000,0x00000000f5500000,0x00000000f7600000)
  from space 5120K, 99% used [0x00000000f7b00000,0x00000000f7ffea50,0x00000000f8000000)
  to   space 5120K, 0% used [0x00000000f7600000,0x00000000f7600000,0x00000000f7b00000)
 ParOldGen       total 87552K, used 7192K [0x00000000e0000000, 0x00000000e5580000, 0x00000000f5500000)
  object space 87552K, 8% used [0x00000000e0000000,0x00000000e07062a0,0x00000000e5580000)
 PSPermGen       total 21504K, used 11456K [0x00000000d8000000, 0x00000000d9500000, 0x00000000e0000000)
  object space 21504K, 53% used [0x00000000d8000000,0x00000000d8b30210,0x00000000d9500000)
}
Event: 34.208 GC heap before
{Heap before GC invocations=3 (full 0):
 PSYoungGen      total 38912K, used 38906K [0x00000000f5500000, 0x00000000f8000000, 0x0000000100000000)
  eden space 33792K, 100% used [0x00000000f5500000,0x00000000f7600000,0x00000000f7600000)
  from space 5120K, 99% used [0x00000000f7b00000,0x00000000f7ffea50,0x00000000f8000000)
  to   space 5120K, 0% used [0x00000000f7600000,0x00000000f7600000,0x00000000f7b00000)
 ParOldGen       total 87552K, used 7192K [0x00000000e0000000, 0x00000000e5580000, 0x00000000f5500000)
  object space 87552K, 8% used [0x00000000e0000000,0x00000000e07062a0,0x00000000e5580000)
 PSPermGen       total 21504K, used 13329K [0x00000000d8000000, 0x00000000d9500000, 0x00000000e0000000)
  object space 21504K, 61% used [0x00000000d8000000,0x00000000d8d04600,0x00000000d9500000)

