# JRE version: Java(TM) SE Runtime Environment (7.0_67-b01) (build 1.7.0_67-b01)
# Java VM: Java HotSpot(TM) 64-Bit Server VM (24.65-b04 mixed mode linux-amd64 compressed oops)
Heap
 PSYoungGen      total 153600K, used 153222K [0x00000000f5500000, 0x0000000100000000, 0x0000000100000000)
  eden space 134144K, 100% used [0x00000000f5500000,0x00000000fd800000,0x00000000fd800000)
  from space 19456K, 98% used [0x00000000fd800000,0x00000000feaa1a40,0x00000000feb00000)
  to   space 21504K, 99% used [0x00000000feb00000,0x00000000ffff9f50,0x0000000100000000)
 ParOldGen       total 87552K, used 42819K [0x00000000e0000000, 0x00000000e5580000, 0x00000000f5500000)
  object space 87552K, 48% used [0x00000000e0000000,0x00000000e29d0fb8,0x00000000e5580000)
 PSPermGen       total 25600K, used 25545K [0x00000000d8000000, 0x00000000d9900000, 0x00000000e0000000)
  object space 25600K, 99% used [0x00000000d8000000,0x00000000d98f2598,0x00000000d9900000)
GC Heap History (10 events):
Event: 7.733 GC heap after
Heap after GC invocations=5 (full 0):
 PSYoungGen      total 72704K, used 5104K [0x00000000f5500000, 0x00000000ff600000, 0x0000000100000000)
  eden space 67584K, 0% used [0x00000000f5500000,0x00000000f5500000,0x00000000f9700000)
  from space 5120K, 99% used [0x00000000f9700000,0x00000000f9bfc038,0x00000000f9c00000)
  to   space 14848K, 0% used [0x00000000fe780000,0x00000000fe780000,0x00000000ff600000)
 ParOldGen       total 87552K, used 23990K [0x00000000e0000000, 0x00000000e5580000, 0x00000000f5500000)
  object space 87552K, 27% used [0x00000000e0000000,0x00000000e176dad0,0x00000000e5580000)
 PSPermGen       total 21504K, used 18750K [0x00000000d8000000, 0x00000000d9500000, 0x00000000e0000000)
  object space 21504K, 87% used [0x00000000d8000000,0x00000000d924fa50,0x00000000d9500000)
}
Event: 8.593 GC heap before
{Heap before GC invocations=6 (full 0):
 PSYoungGen      total 72704K, used 72688K [0x00000000f5500000, 0x00000000ff600000, 0x0000000100000000)
  eden space 67584K, 100% used [0x00000000f5500000,0x00000000f9700000,0x00000000f9700000)
  from space 5120K, 99% used [0x00000000f9700000,0x00000000f9bfc038,0x00000000f9c00000)
  to   space 14848K, 0% used [0x00000000fe780000,0x00000000fe780000,0x00000000ff600000)
 ParOldGen       total 87552K, used 23990K [0x00000000e0000000, 0x00000000e5580000, 0x00000000f5500000)
  object space 87552K, 27% used [0x00000000e0000000,0x00000000e176dad0,0x00000000e5580000)
 PSPermGen       total 21504K, used 20036K [0x00000000d8000000, 0x00000000d9500000, 0x00000000e0000000)
  object space 21504K, 93% used [0x00000000d8000000,0x00000000d93911f0,0x00000000d9500000)
Event: 8.612 GC heap after
Heap after GC invocations=6 (full 0):
 PSYoungGen      total 146432K, used 14833K [0x00000000f5500000, 0x00000000ffd00000, 0x0000000100000000)
  eden space 131584K, 0% used [0x00000000f5500000,0x00000000f5500000,0x00000000fd580000)
  from space 14848K, 99% used [0x00000000fe780000,0x00000000ff5fc4a0,0x00000000ff600000)
  to   space 18432K, 0% used [0x00000000fd580000,0x00000000fd580000,0x00000000fe780000)
 ParOldGen       total 87552K, used 26524K [0x00000000e0000000, 0x00000000e5580000, 0x00000000f5500000)
  object space 87552K, 30% used [0x00000000e0000000,0x00000000e19e7140,0x00000000e5580000)
 PSPermGen       total 21504K, used 20036K [0x00000000d8000000, 0x00000000d9500000, 0x00000000e0000000)
  object space 21504K, 93% used [0x00000000d8000000,0x00000000d93911f0,0x00000000d9500000)
}
Event: 9.086 GC heap before
{Heap before GC invocations=7 (full 0):
 PSYoungGen      total 146432K, used 146417K [0x00000000f5500000, 0x00000000ffd00000, 0x0000000100000000)
  eden space 131584K, 100% used [0x00000000f5500000,0x00000000fd580000,0x00000000fd580000)
  from space 14848K, 99% used [0x00000000fe780000,0x00000000ff5fc4a0,0x00000000ff600000)
  to   space 18432K, 0% used [0x00000000fd580000,0x00000000fd580000,0x00000000fe780000)
 ParOldGen       total 87552K, used 26524K [0x00000000e0000000, 0x00000000e5580000, 0x00000000f5500000)
  object space 87552K, 30% used [0x00000000e0000000,0x00000000e19e7140,0x00000000e5580000)
 PSPermGen       total 21504K, used 20613K [0x00000000d8000000, 0x00000000d9500000, 0x00000000e0000000)
  object space 21504K, 95% used [0x00000000d8000000,0x00000000d9421430,0x00000000d9500000)
Event: 9.110 GC heap after
Heap after GC invocations=7 (full 0):
 PSYoungGen      total 150016K, used 13319K [0x00000000f5500000, 0x0000000100000000, 0x0000000100000000)
  eden space 131584K, 0% used [0x00000000f5500000,0x00000000f5500000,0x00000000fd580000)
  from space 18432K, 72% used [0x00000000fd580000,0x00000000fe281c98,0x00000000fe780000)
  to   space 18432K, 0% used [0x00000000fee00000,0x00000000fee00000,0x0000000100000000)
 ParOldGen       total 87552K, used 29356K [0x00000000e0000000, 0x00000000e5580000, 0x00000000f5500000)
  object space 87552K, 33% used [0x00000000e0000000,0x00000000e1cab070,0x00000000e5580000)
 PSPermGen       total 21504K, used 20613K [0x00000000d8000000, 0x00000000d9500000, 0x00000000e0000000)
  object space 21504K, 95% used [0x00000000d8000000,0x00000000d9421430,0x00000000d9500000)
}
Event: 9.959 GC heap before
{Heap before GC invocations=8 (full 0):
 PSYoungGen      total 150016K, used 144903K [0x00000000f5500000, 0x0000000100000000, 0x0000000100000000)
  eden space 131584K, 100% used [0x00000000f5500000,0x00000000fd580000,0x00000000fd580000)
  from space 18432K, 72% used [0x00000000fd580000,0x00000000fe281c98,0x00000000fe780000)
  to   space 18432K, 0% used [0x00000000fee00000,0x00000000fee00000,0x0000000100000000)
 ParOldGen       total 87552K, used 29356K [0x00000000e0000000, 0x00000000e5580000, 0x00000000f5500000)
  object space 87552K, 33% used [0x00000000e0000000,0x00000000e1cab070,0x00000000e5580000)
 PSPermGen       total 22016K, used 21511K [0x00000000d8000000, 0x00000000d9580000, 0x00000000e0000000)
  object space 22016K, 97% used [0x00000000d8000000,0x00000000d9501df0,0x00000000d9580000)
Event: 9.982 GC heap after
Heap after GC invocations=8 (full 0):
 PSYoungGen      total 152576K, used 17950K [0x00000000f5500000, 0x0000000100000000, 0x0000000100000000)
  eden space 134144K, 0% used [0x00000000f5500000,0x00000000f5500000,0x00000000fd800000)
  from space 18432K, 97% used [0x00000000fee00000,0x00000000fff87948,0x0000000100000000)
  to   space 20480K, 0% used [0x00000000fd800000,0x00000000fd800000,0x00000000fec00000)
 ParOldGen       total 87552K, used 30173K [0x00000000e0000000, 0x00000000e5580000, 0x00000000f5500000)
  object space 87552K, 34% used [0x00000000e0000000,0x00000000e1d77490,0x00000000e5580000)
 PSPermGen       total 22016K, used 21511K [0x00000000d8000000, 0x00000000d9580000, 0x00000000e0000000)
  object space 22016K, 97% used [0x00000000d8000000,0x00000000d9501df0,0x00000000d9580000)
}
Event: 11.480 GC heap before
{Heap before GC invocations=9 (full 0):
 PSYoungGen      total 152576K, used 152094K [0x00000000f5500000, 0x0000000100000000, 0x0000000100000000)
  eden space 134144K, 100% used [0x00000000f5500000,0x00000000fd800000,0x00000000fd800000)
  from space 18432K, 97% used [0x00000000fee00000,0x00000000fff87948,0x0000000100000000)
  to   space 20480K, 0% used [0x00000000fd800000,0x00000000fd800000,0x00000000fec00000)
 ParOldGen       total 87552K, used 30173K [0x00000000e0000000, 0x00000000e5580000, 0x00000000f5500000)
  object space 87552K, 34% used [0x00000000e0000000,0x00000000e1d77490,0x00000000e5580000)
 PSPermGen       total 24064K, used 23772K [0x00000000d8000000, 0x00000000d9780000, 0x00000000e0000000)
  object space 24064K, 98% used [0x00000000d8000000,0x00000000d9737090,0x00000000d9780000)
Event: 11.511 GC heap after
Heap after GC invocations=9 (full 0):
 PSYoungGen      total 153600K, used 19078K [0x00000000f5500000, 0x0000000100000000, 0x0000000100000000)
  eden space 134144K, 0% used [0x00000000f5500000,0x00000000f5500000,0x00000000fd800000)
  from space 19456K, 98% used [0x00000000fd800000,0x00000000feaa1a40,0x00000000feb00000)
  to   space 21504K, 0% used [0x00000000feb00000,0x00000000feb00000,0x0000000100000000)
 ParOldGen       total 87552K, used 41536K [0x00000000e0000000, 0x00000000e5580000, 0x00000000f5500000)
  object space 87552K, 47% used [0x00000000e0000000,0x00000000e2890030,0x00000000e5580000)
 PSPermGen       total 24064K, used 23772K [0x00000000d8000000, 0x00000000d9780000, 0x00000000e0000000)
  object space 24064K, 98% used [0x00000000d8000000,0x00000000d9737090,0x00000000d9780000)
}
Event: 15.495 GC heap before
{Heap before GC invocations=10 (full 0):
 PSYoungGen      total 153600K, used 153222K [0x00000000f5500000, 0x0000000100000000, 0x0000000100000000)
  eden space 134144K, 100% used [0x00000000f5500000,0x00000000fd800000,0x00000000fd800000)
  from space 19456K, 98% used [0x00000000fd800000,0x00000000feaa1a40,0x00000000feb00000)
  to   space 21504K, 0% used [0x00000000feb00000,0x00000000feb00000,0x0000000100000000)
 ParOldGen       total 87552K, used 41536K [0x00000000e0000000, 0x00000000e5580000, 0x00000000f5500000)
  object space 87552K, 47% used [0x00000000e0000000,0x00000000e2890030,0x00000000e5580000)
 PSPermGen       total 25600K, used 25545K [0x00000000d8000000, 0x00000000d9900000, 0x00000000e0000000)
  object space 25600K, 99% used [0x00000000d8000000,0x00000000d98f2598,0x00000000d9900000)

