# JRE version: Java(TM) SE Runtime Environment (7.0_71-b14) (build 1.7.0_71-b14)
# Java VM: Java HotSpot(TM) 64-Bit Server VM (24.71-b01 mixed mode linux-amd64 compressed oops)
Heap
 PSYoungGen      total 119808K, used 17405K [0x00000000f5500000, 0x0000000100000000, 0x0000000100000000)
  eden space 102400K, 0% used [0x00000000f5500000,0x00000000f5500000,0x00000000fb900000)
  from space 17408K, 99% used [0x00000000fef00000,0x00000000fffff5c8,0x0000000100000000)
  to   space 36352K, 0% used [0x00000000fb900000,0x00000000fb900000,0x00000000fdc80000)
 ParOldGen       total 87552K, used 78204K [0x00000000e0000000, 0x00000000e5580000, 0x00000000f5500000)
  object space 87552K, 89% used [0x00000000e0000000,0x00000000e4c5f030,0x00000000e5580000)
 PSPermGen       total 26624K, used 26178K [0x00000000d8000000, 0x00000000d9a00000, 0x00000000e0000000)
  object space 26624K, 98% used [0x00000000d8000000,0x00000000d9990a90,0x00000000d9a00000)
GC Heap History (10 events):
Event: 4.236 GC heap after
Heap after GC invocations=6 (full 0):
 PSYoungGen      total 158208K, used 9366K [0x00000000f5500000, 0x0000000100000000, 0x0000000100000000)
  eden space 140800K, 0% used [0x00000000f5500000,0x00000000f5500000,0x00000000fde80000)
  from space 17408K, 53% used [0x00000000fef00000,0x00000000ff825b58,0x0000000100000000)
  to   space 16896K, 0% used [0x00000000fde80000,0x00000000fde80000,0x00000000fef00000)
 ParOldGen       total 87552K, used 30634K [0x00000000e0000000, 0x00000000e5580000, 0x00000000f5500000)
  object space 87552K, 34% used [0x00000000e0000000,0x00000000e1deaa60,0x00000000e5580000)
 PSPermGen       total 23552K, used 23212K [0x00000000d8000000, 0x00000000d9700000, 0x00000000e0000000)
  object space 23552K, 98% used [0x00000000d8000000,0x00000000d96ab360,0x00000000d9700000)
}
Event: 4.484 GC heap before
{Heap before GC invocations=7 (full 0):
 PSYoungGen      total 158208K, used 150166K [0x00000000f5500000, 0x0000000100000000, 0x0000000100000000)
  eden space 140800K, 100% used [0x00000000f5500000,0x00000000fde80000,0x00000000fde80000)
  from space 17408K, 53% used [0x00000000fef00000,0x00000000ff825b58,0x0000000100000000)
  to   space 16896K, 0% used [0x00000000fde80000,0x00000000fde80000,0x00000000fef00000)
 ParOldGen       total 87552K, used 30634K [0x00000000e0000000, 0x00000000e5580000, 0x00000000f5500000)
  object space 87552K, 34% used [0x00000000e0000000,0x00000000e1deaa60,0x00000000e5580000)
 PSPermGen       total 23552K, used 23381K [0x00000000d8000000, 0x00000000d9700000, 0x00000000e0000000)
  object space 23552K, 99% used [0x00000000d8000000,0x00000000d96d5410,0x00000000d9700000)
Event: 4.497 GC heap after
Heap after GC invocations=7 (full 0):
 PSYoungGen      total 157696K, used 5903K [0x00000000f5500000, 0x0000000100000000, 0x0000000100000000)
  eden space 140800K, 0% used [0x00000000f5500000,0x00000000f5500000,0x00000000fde80000)
  from space 16896K, 34% used [0x00000000fde80000,0x00000000fe443d98,0x00000000fef00000)
  to   space 17408K, 0% used [0x00000000fef00000,0x00000000fef00000,0x0000000100000000)
 ParOldGen       total 87552K, used 33910K [0x00000000e0000000, 0x00000000e5580000, 0x00000000f5500000)
  object space 87552K, 38% used [0x00000000e0000000,0x00000000e211db10,0x00000000e5580000)
 PSPermGen       total 23552K, used 23381K [0x00000000d8000000, 0x00000000d9700000, 0x00000000e0000000)
  object space 23552K, 99% used [0x00000000d8000000,0x00000000d96d5410,0x00000000d9700000)
}
Event: 4.916 GC heap before
{Heap before GC invocations=8 (full 0):
 PSYoungGen      total 157696K, used 146703K [0x00000000f5500000, 0x0000000100000000, 0x0000000100000000)
  eden space 140800K, 100% used [0x00000000f5500000,0x00000000fde80000,0x00000000fde80000)
  from space 16896K, 34% used [0x00000000fde80000,0x00000000fe443d98,0x00000000fef00000)
  to   space 17408K, 0% used [0x00000000fef00000,0x00000000fef00000,0x0000000100000000)
 ParOldGen       total 87552K, used 33910K [0x00000000e0000000, 0x00000000e5580000, 0x00000000f5500000)
  object space 87552K, 38% used [0x00000000e0000000,0x00000000e211db10,0x00000000e5580000)
 PSPermGen       total 24576K, used 24224K [0x00000000d8000000, 0x00000000d9800000, 0x00000000e0000000)
  object space 24576K, 98% used [0x00000000d8000000,0x00000000d97a8378,0x00000000d9800000)
Event: 4.936 GC heap after
Heap after GC invocations=8 (full 0):
 PSYoungGen      total 157696K, used 12078K [0x00000000f5500000, 0x0000000100000000, 0x0000000100000000)
  eden space 140288K, 0% used [0x00000000f5500000,0x00000000f5500000,0x00000000fde00000)
  from space 17408K, 69% used [0x00000000fef00000,0x00000000ffacba78,0x0000000100000000)
  to   space 17408K, 0% used [0x00000000fde00000,0x00000000fde00000,0x00000000fef00000)
 ParOldGen       total 87552K, used 34848K [0x00000000e0000000, 0x00000000e5580000, 0x00000000f5500000)
  object space 87552K, 39% used [0x00000000e0000000,0x00000000e2208340,0x00000000e5580000)
 PSPermGen       total 24576K, used 24224K [0x00000000d8000000, 0x00000000d9800000, 0x00000000e0000000)
  object space 24576K, 98% used [0x00000000d8000000,0x00000000d97a8378,0x00000000d9800000)
}
Event: 8.445 GC heap before
{Heap before GC invocations=9 (full 0):
 PSYoungGen      total 157696K, used 152366K [0x00000000f5500000, 0x0000000100000000, 0x0000000100000000)
  eden space 140288K, 100% used [0x00000000f5500000,0x00000000fde00000,0x00000000fde00000)
  from space 17408K, 69% used [0x00000000fef00000,0x00000000ffacba78,0x0000000100000000)
  to   space 17408K, 0% used [0x00000000fde00000,0x00000000fde00000,0x00000000fef00000)
 ParOldGen       total 87552K, used 34848K [0x00000000e0000000, 0x00000000e5580000, 0x00000000f5500000)
  object space 87552K, 39% used [0x00000000e0000000,0x00000000e2208340,0x00000000e5580000)
 PSPermGen       total 26112K, used 25879K [0x00000000d8000000, 0x00000000d9980000, 0x00000000e0000000)
  object space 26112K, 99% used [0x00000000d8000000,0x00000000d9945f88,0x00000000d9980000)
Event: 8.489 GC heap after
Heap after GC invocations=9 (full 0):
 PSYoungGen      total 157696K, used 17400K [0x00000000f5500000, 0x0000000100000000, 0x0000000100000000)
  eden space 140288K, 0% used [0x00000000f5500000,0x00000000f5500000,0x00000000fde00000)
  from space 17408K, 99% used [0x00000000fde00000,0x00000000feefe168,0x00000000fef00000)
  to   space 17408K, 0% used [0x00000000fef00000,0x00000000fef00000,0x0000000100000000)
 ParOldGen       total 87552K, used 52320K [0x00000000e0000000, 0x00000000e5580000, 0x00000000f5500000)
  object space 87552K, 59% used [0x00000000e0000000,0x00000000e3318250,0x00000000e5580000)
 PSPermGen       total 26112K, used 25879K [0x00000000d8000000, 0x00000000d9980000, 0x00000000e0000000)
  object space 26112K, 99% used [0x00000000d8000000,0x00000000d9945f88,0x00000000d9980000)
}
Event: 10.047 GC heap before
{Heap before GC invocations=10 (full 0):
 PSYoungGen      total 157696K, used 157688K [0x00000000f5500000, 0x0000000100000000, 0x0000000100000000)
  eden space 140288K, 100% used [0x00000000f5500000,0x00000000fde00000,0x00000000fde00000)
  from space 17408K, 99% used [0x00000000fde00000,0x00000000feefe168,0x00000000fef00000)
  to   space 17408K, 0% used [0x00000000fef00000,0x00000000fef00000,0x0000000100000000)
 ParOldGen       total 87552K, used 52320K [0x00000000e0000000, 0x00000000e5580000, 0x00000000f5500000)
  object space 87552K, 59% used [0x00000000e0000000,0x00000000e3318250,0x00000000e5580000)
 PSPermGen       total 26624K, used 26178K [0x00000000d8000000, 0x00000000d9a00000, 0x00000000e0000000)
  object space 26624K, 98% used [0x00000000d8000000,0x00000000d9990a90,0x00000000d9a00000)
Event: 10.107 GC heap after
Heap after GC invocations=10 (full 0):
 PSYoungGen      total 119808K, used 17405K [0x00000000f5500000, 0x0000000100000000, 0x0000000100000000)
  eden space 102400K, 0% used [0x00000000f5500000,0x00000000f5500000,0x00000000fb900000)
  from space 17408K, 99% used [0x00000000fef00000,0x00000000fffff5c8,0x0000000100000000)
  to   space 36352K, 0% used [0x00000000fb900000,0x00000000fb900000,0x00000000fdc80000)
 ParOldGen       total 87552K, used 78204K [0x00000000e0000000, 0x00000000e5580000, 0x00000000f5500000)
  object space 87552K, 89% used [0x00000000e0000000,0x00000000e4c5f030,0x00000000e5580000)
 PSPermGen       total 26624K, used 26178K [0x00000000d8000000, 0x00000000d9a00000, 0x00000000e0000000)
  object space 26624K, 98% used [0x00000000d8000000,0x00000000d9990a90,0x00000000d9a00000)
}
Event: 10.108 GC heap before
{Heap before GC invocations=11 (full 1):
 PSYoungGen      total 119808K, used 17405K [0x00000000f5500000, 0x0000000100000000, 0x0000000100000000)
  eden space 102400K, 0% used [0x00000000f5500000,0x00000000f5500000,0x00000000fb900000)
  from space 17408K, 99% used [0x00000000fef00000,0x00000000fffff5c8,0x0000000100000000)
  to   space 36352K, 0% used [0x00000000fb900000,0x00000000fb900000,0x00000000fdc80000)
 ParOldGen       total 87552K, used 78204K [0x00000000e0000000, 0x00000000e5580000, 0x00000000f5500000)
  object space 87552K, 89% used [0x00000000e0000000,0x00000000e4c5f030,0x00000000e5580000)
 PSPermGen       total 26624K, used 26178K [0x00000000d8000000, 0x00000000d9a00000, 0x00000000e0000000)
  object space 26624K, 98% used [0x00000000d8000000,0x00000000d9990a90,0x00000000d9a00000)

