# JRE version: Java(TM) SE Runtime Environment (7.0_71-b14) (build 1.7.0_71-b14)
# Java VM: Java HotSpot(TM) 64-Bit Server VM (24.71-b01 mixed mode linux-amd64 compressed oops)
Heap
 PSYoungGen      total 72704K, used 72685K [0x00000000f5500000, 0x00000000fe300000, 0x0000000100000000)
  eden space 67584K, 100% used [0x00000000f5500000,0x00000000f9700000,0x00000000f9700000)
  from space 5120K, 99% used [0x00000000f9700000,0x00000000f9bfb770,0x00000000f9c00000)
  to   space 5120K, 99% used [0x00000000fde00000,0x00000000fe2fafa0,0x00000000fe300000)
 ParOldGen       total 349184K, used 14119K [0x00000000e0000000, 0x00000000f5500000, 0x00000000f5500000)
  object space 349184K, 4% used [0x00000000e0000000,0x00000000e0dcb550,0x00000000f5500000)
 PSPermGen       total 21504K, used 15729K [0x00000000d8000000, 0x00000000d9500000, 0x00000000e0000000)
  object space 21504K, 73% used [0x00000000d8000000,0x00000000d8f5c650,0x00000000d9500000)
GC Heap History (7 events):
Event: 0.641 GC heap before
{Heap before GC invocations=1 (full 0):
 PSYoungGen      total 38912K, used 33792K [0x00000000f5500000, 0x00000000f8000000, 0x0000000100000000)
  eden space 33792K, 100% used [0x00000000f5500000,0x00000000f7600000,0x00000000f7600000)
  from space 5120K, 0% used [0x00000000f7b00000,0x00000000f7b00000,0x00000000f8000000)
  to   space 5120K, 0% used [0x00000000f7600000,0x00000000f7600000,0x00000000f7b00000)
 ParOldGen       total 87552K, used 0K [0x00000000e0000000, 0x00000000e5580000, 0x00000000f5500000)
  object space 87552K, 0% used [0x00000000e0000000,0x00000000e0000000,0x00000000e5580000)
 PSPermGen       total 21504K, used 7449K [0x00000000d8000000, 0x00000000d9500000, 0x00000000e0000000)
  object space 21504K, 34% used [0x00000000d8000000,0x00000000d87467c8,0x00000000d9500000)
Event: 0.650 GC heap after
Heap after GC invocations=1 (full 0):
 PSYoungGen      total 38912K, used 5091K [0x00000000f5500000, 0x00000000fa100000, 0x0000000100000000)
  eden space 33792K, 0% used [0x00000000f5500000,0x00000000f5500000,0x00000000f7600000)
  from space 5120K, 99% used [0x00000000f7600000,0x00000000f7af8c38,0x00000000f7b00000)
  to   space 5120K, 0% used [0x00000000f9c00000,0x00000000f9c00000,0x00000000fa100000)
 ParOldGen       total 87552K, used 1569K [0x00000000e0000000, 0x00000000e5580000, 0x00000000f5500000)
  object space 87552K, 1% used [0x00000000e0000000,0x00000000e0188668,0x00000000e5580000)
 PSPermGen       total 21504K, used 7449K [0x00000000d8000000, 0x00000000d9500000, 0x00000000e0000000)
  object space 21504K, 34% used [0x00000000d8000000,0x00000000d87467c8,0x00000000d9500000)
}
Event: 1.532 GC heap before
{Heap before GC invocations=2 (full 0):
 PSYoungGen      total 38912K, used 38883K [0x00000000f5500000, 0x00000000fa100000, 0x0000000100000000)
  eden space 33792K, 100% used [0x00000000f5500000,0x00000000f7600000,0x00000000f7600000)
  from space 5120K, 99% used [0x00000000f7600000,0x00000000f7af8c38,0x00000000f7b00000)
  to   space 5120K, 0% used [0x00000000f9c00000,0x00000000f9c00000,0x00000000fa100000)
 ParOldGen       total 87552K, used 1569K [0x00000000e0000000, 0x00000000e5580000, 0x00000000f5500000)
  object space 87552K, 1% used [0x00000000e0000000,0x00000000e0188668,0x00000000e5580000)
 PSPermGen       total 21504K, used 11487K [0x00000000d8000000, 0x00000000d9500000, 0x00000000e0000000)
  object space 21504K, 53% used [0x00000000d8000000,0x00000000d8b37e40,0x00000000d9500000)
Event: 1.545 GC heap after
Heap after GC invocations=2 (full 0):
 PSYoungGen      total 72704K, used 5101K [0x00000000f5500000, 0x00000000fa100000, 0x0000000100000000)
  eden space 67584K, 0% used [0x00000000f5500000,0x00000000f5500000,0x00000000f9700000)
  from space 5120K, 99% used [0x00000000f9c00000,0x00000000fa0fb5a0,0x00000000fa100000)
  to   space 5120K, 0% used [0x00000000f9700000,0x00000000f9700000,0x00000000f9c00000)
 ParOldGen       total 87552K, used 7004K [0x00000000e0000000, 0x00000000e5580000, 0x00000000f5500000)
  object space 87552K, 8% used [0x00000000e0000000,0x00000000e06d7260,0x00000000e5580000)
 PSPermGen       total 21504K, used 11487K [0x00000000d8000000, 0x00000000d9500000, 0x00000000e0000000)
  object space 21504K, 53% used [0x00000000d8000000,0x00000000d8b37e40,0x00000000d9500000)
}
Event: 2.169 GC heap before
{Heap before GC invocations=3 (full 0):
 PSYoungGen      total 72704K, used 72685K [0x00000000f5500000, 0x00000000fa100000, 0x0000000100000000)
  eden space 67584K, 100% used [0x00000000f5500000,0x00000000f9700000,0x00000000f9700000)
  from space 5120K, 99% used [0x00000000f9c00000,0x00000000fa0fb5a0,0x00000000fa100000)
  to   space 5120K, 0% used [0x00000000f9700000,0x00000000f9700000,0x00000000f9c00000)
 ParOldGen       total 87552K, used 7004K [0x00000000e0000000, 0x00000000e5580000, 0x00000000f5500000)
  object space 87552K, 8% used [0x00000000e0000000,0x00000000e06d7260,0x00000000e5580000)
 PSPermGen       total 21504K, used 13904K [0x00000000d8000000, 0x00000000d9500000, 0x00000000e0000000)
  object space 21504K, 64% used [0x00000000d8000000,0x00000000d8d942c0,0x00000000d9500000)
Event: 2.188 GC heap after
Heap after GC invocations=3 (full 0):
 PSYoungGen      total 72704K, used 5101K [0x00000000f5500000, 0x00000000fe300000, 0x0000000100000000)
  eden space 67584K, 0% used [0x00000000f5500000,0x00000000f5500000,0x00000000f9700000)
  from space 5120K, 99% used [0x00000000f9700000,0x00000000f9bfb770,0x00000000f9c00000)
  to   space 5120K, 0% used [0x00000000fde00000,0x00000000fde00000,0x00000000fe300000)
 ParOldGen       total 87552K, used 14071K [0x00000000e0000000, 0x00000000e5580000, 0x00000000f5500000)
  object space 87552K, 16% used [0x00000000e0000000,0x00000000e0dbdfc0,0x00000000e5580000)
 PSPermGen       total 21504K, used 13904K [0x00000000d8000000, 0x00000000d9500000, 0x00000000e0000000)
  object space 21504K, 64% used [0x00000000d8000000,0x00000000d8d942c0,0x00000000d9500000)
}
Event: 2.865 GC heap before
{Heap before GC invocations=4 (full 0):
 PSYoungGen      total 72704K, used 72685K [0x00000000f5500000, 0x00000000fe300000, 0x0000000100000000)
  eden space 67584K, 100% used [0x00000000f5500000,0x00000000f9700000,0x00000000f9700000)
  from space 5120K, 99% used [0x00000000f9700000,0x00000000f9bfb770,0x00000000f9c00000)
  to   space 5120K, 0% used [0x00000000fde00000,0x00000000fde00000,0x00000000fe300000)
 ParOldGen       total 87552K, used 14071K [0x00000000e0000000, 0x00000000e5580000, 0x00000000f5500000)
  object space 87552K, 16% used [0x00000000e0000000,0x00000000e0dbdfc0,0x00000000e5580000)
 PSPermGen       total 21504K, used 15729K [0x00000000d8000000, 0x00000000d9500000, 0x00000000e0000000)
  object space 21504K, 73% used [0x00000000d8000000,0x00000000d8f5c650,0x00000000d9500000)

