# JRE version: Java(TM) SE Runtime Environment (7.0_67-b01) (build 1.7.0_67-b01)
# Java VM: Java HotSpot(TM) 64-Bit Server VM (24.65-b04 mixed mode linux-amd64 compressed oops)
Heap
 PSYoungGen      total 140288K, used 140272K [0x00000000f5500000, 0x00000000fe300000, 0x0000000100000000)
  eden space 135168K, 100% used [0x00000000f5500000,0x00000000fd900000,0x00000000fd900000)
  from space 5120K, 99% used [0x00000000fde00000,0x00000000fe2fc028,0x00000000fe300000)
  to   space 5120K, 99% used [0x00000000fd900000,0x00000000fddfb108,0x00000000fde00000)
 ParOldGen       total 87552K, used 31856K [0x00000000e0000000, 0x00000000e5580000, 0x00000000f5500000)
  object space 87552K, 36% used [0x00000000e0000000,0x00000000e1f1c220,0x00000000e5580000)
 PSPermGen       total 21504K, used 19910K [0x00000000d8000000, 0x00000000d9500000, 0x00000000e0000000)
  object space 21504K, 92% used [0x00000000d8000000,0x00000000d9371a88,0x00000000d9500000)
GC Heap History (9 events):
Event: 0.557 GC heap before
{Heap before GC invocations=1 (full 0):
 PSYoungGen      total 38912K, used 33792K [0x00000000f5500000, 0x00000000f8000000, 0x0000000100000000)
  eden space 33792K, 100% used [0x00000000f5500000,0x00000000f7600000,0x00000000f7600000)
  from space 5120K, 0% used [0x00000000f7b00000,0x00000000f7b00000,0x00000000f8000000)
  to   space 5120K, 0% used [0x00000000f7600000,0x00000000f7600000,0x00000000f7b00000)
 ParOldGen       total 87552K, used 0K [0x00000000e0000000, 0x00000000e5580000, 0x00000000f5500000)
  object space 87552K, 0% used [0x00000000e0000000,0x00000000e0000000,0x00000000e5580000)
 PSPermGen       total 21504K, used 7420K [0x00000000d8000000, 0x00000000d9500000, 0x00000000e0000000)
  object space 21504K, 34% used [0x00000000d8000000,0x00000000d873f270,0x00000000d9500000)
Event: 0.565 GC heap after
Heap after GC invocations=1 (full 0):
 PSYoungGen      total 38912K, used 5092K [0x00000000f5500000, 0x00000000fa100000, 0x0000000100000000)
  eden space 33792K, 0% used [0x00000000f5500000,0x00000000f5500000,0x00000000f7600000)
  from space 5120K, 99% used [0x00000000f7600000,0x00000000f7af92d8,0x00000000f7b00000)
  to   space 5120K, 0% used [0x00000000f9c00000,0x00000000f9c00000,0x00000000fa100000)
 ParOldGen       total 87552K, used 1524K [0x00000000e0000000, 0x00000000e5580000, 0x00000000f5500000)
  object space 87552K, 1% used [0x00000000e0000000,0x00000000e017d288,0x00000000e5580000)
 PSPermGen       total 21504K, used 7420K [0x00000000d8000000, 0x00000000d9500000, 0x00000000e0000000)
  object space 21504K, 34% used [0x00000000d8000000,0x00000000d873f270,0x00000000d9500000)
}
Event: 1.348 GC heap before
{Heap before GC invocations=2 (full 0):
 PSYoungGen      total 38912K, used 38884K [0x00000000f5500000, 0x00000000fa100000, 0x0000000100000000)
  eden space 33792K, 100% used [0x00000000f5500000,0x00000000f7600000,0x00000000f7600000)
  from space 5120K, 99% used [0x00000000f7600000,0x00000000f7af92d8,0x00000000f7b00000)
  to   space 5120K, 0% used [0x00000000f9c00000,0x00000000f9c00000,0x00000000fa100000)
 ParOldGen       total 87552K, used 1524K [0x00000000e0000000, 0x00000000e5580000, 0x00000000f5500000)
  object space 87552K, 1% used [0x00000000e0000000,0x00000000e017d288,0x00000000e5580000)
 PSPermGen       total 21504K, used 11457K [0x00000000d8000000, 0x00000000d9500000, 0x00000000e0000000)
  object space 21504K, 53% used [0x00000000d8000000,0x00000000d8b304a8,0x00000000d9500000)
Event: 1.362 GC heap after
Heap after GC invocations=2 (full 0):
 PSYoungGen      total 72704K, used 5097K [0x00000000f5500000, 0x00000000fa100000, 0x0000000100000000)
  eden space 67584K, 0% used [0x00000000f5500000,0x00000000f5500000,0x00000000f9700000)
  from space 5120K, 99% used [0x00000000f9c00000,0x00000000fa0fa4b8,0x00000000fa100000)
  to   space 5120K, 0% used [0x00000000f9700000,0x00000000f9700000,0x00000000f9c00000)
 ParOldGen       total 87552K, used 6942K [0x00000000e0000000, 0x00000000e5580000, 0x00000000f5500000)
  object space 87552K, 7% used [0x00000000e0000000,0x00000000e06c78d0,0x00000000e5580000)
 PSPermGen       total 21504K, used 11457K [0x00000000d8000000, 0x00000000d9500000, 0x00000000e0000000)
  object space 21504K, 53% used [0x00000000d8000000,0x00000000d8b304a8,0x00000000d9500000)
}
Event: 1.876 GC heap before
{Heap before GC invocations=3 (full 0):
 PSYoungGen      total 72704K, used 72681K [0x00000000f5500000, 0x00000000fa100000, 0x0000000100000000)
  eden space 67584K, 100% used [0x00000000f5500000,0x00000000f9700000,0x00000000f9700000)
  from space 5120K, 99% used [0x00000000f9c00000,0x00000000fa0fa4b8,0x00000000fa100000)
  to   space 5120K, 0% used [0x00000000f9700000,0x00000000f9700000,0x00000000f9c00000)
 ParOldGen       total 87552K, used 6942K [0x00000000e0000000, 0x00000000e5580000, 0x00000000f5500000)
  object space 87552K, 7% used [0x00000000e0000000,0x00000000e06c78d0,0x00000000e5580000)
 PSPermGen       total 21504K, used 14004K [0x00000000d8000000, 0x00000000d9500000, 0x00000000e0000000)
  object space 21504K, 65% used [0x00000000d8000000,0x00000000d8dad170,0x00000000d9500000)
Event: 1.894 GC heap after
Heap after GC invocations=3 (full 0):
 PSYoungGen      total 72704K, used 5091K [0x00000000f5500000, 0x00000000fe300000, 0x0000000100000000)
  eden space 67584K, 0% used [0x00000000f5500000,0x00000000f5500000,0x00000000f9700000)
  from space 5120K, 99% used [0x00000000f9700000,0x00000000f9bf8f10,0x00000000f9c00000)
  to   space 5120K, 0% used [0x00000000fde00000,0x00000000fde00000,0x00000000fe300000)
 ParOldGen       total 87552K, used 14124K [0x00000000e0000000, 0x00000000e5580000, 0x00000000f5500000)
  object space 87552K, 16% used [0x00000000e0000000,0x00000000e0dcb3d8,0x00000000e5580000)
 PSPermGen       total 21504K, used 14004K [0x00000000d8000000, 0x00000000d9500000, 0x00000000e0000000)
  object space 21504K, 65% used [0x00000000d8000000,0x00000000d8dad170,0x00000000d9500000)
}
Event: 2.796 GC heap before
{Heap before GC invocations=4 (full 0):
 PSYoungGen      total 72704K, used 72675K [0x00000000f5500000, 0x00000000fe300000, 0x0000000100000000)
  eden space 67584K, 100% used [0x00000000f5500000,0x00000000f9700000,0x00000000f9700000)
  from space 5120K, 99% used [0x00000000f9700000,0x00000000f9bf8f10,0x00000000f9c00000)
  to   space 5120K, 0% used [0x00000000fde00000,0x00000000fde00000,0x00000000fe300000)
 ParOldGen       total 87552K, used 14124K [0x00000000e0000000, 0x00000000e5580000, 0x00000000f5500000)
  object space 87552K, 16% used [0x00000000e0000000,0x00000000e0dcb3d8,0x00000000e5580000)
 PSPermGen       total 21504K, used 18288K [0x00000000d8000000, 0x00000000d9500000, 0x00000000e0000000)
  object space 21504K, 85% used [0x00000000d8000000,0x00000000d91dc240,0x00000000d9500000)
Event: 2.823 GC heap after
Heap after GC invocations=4 (full 0):
 PSYoungGen      total 140288K, used 5104K [0x00000000f5500000, 0x00000000fe300000, 0x0000000100000000)
  eden space 135168K, 0% used [0x00000000f5500000,0x00000000f5500000,0x00000000fd900000)
  from space 5120K, 99% used [0x00000000fde00000,0x00000000fe2fc028,0x00000000fe300000)
  to   space 5120K, 0% used [0x00000000fd900000,0x00000000fd900000,0x00000000fde00000)
 ParOldGen       total 87552K, used 24676K [0x00000000e0000000, 0x00000000e5580000, 0x00000000f5500000)
  object space 87552K, 28% used [0x00000000e0000000,0x00000000e1819120,0x00000000e5580000)
 PSPermGen       total 21504K, used 18288K [0x00000000d8000000, 0x00000000d9500000, 0x00000000e0000000)
  object space 21504K, 85% used [0x00000000d8000000,0x00000000d91dc240,0x00000000d9500000)
}
Event: 3.577 GC heap before
{Heap before GC invocations=5 (full 0):
 PSYoungGen      total 140288K, used 140272K [0x00000000f5500000, 0x00000000fe300000, 0x0000000100000000)
  eden space 135168K, 100% used [0x00000000f5500000,0x00000000fd900000,0x00000000fd900000)
  from space 5120K, 99% used [0x00000000fde00000,0x00000000fe2fc028,0x00000000fe300000)
  to   space 5120K, 0% used [0x00000000fd900000,0x00000000fd900000,0x00000000fde00000)
 ParOldGen       total 87552K, used 24676K [0x00000000e0000000, 0x00000000e5580000, 0x00000000f5500000)
  object space 87552K, 28% used [0x00000000e0000000,0x00000000e1819120,0x00000000e5580000)
 PSPermGen       total 21504K, used 19910K [0x00000000d8000000, 0x00000000d9500000, 0x00000000e0000000)
  object space 21504K, 92% used [0x00000000d8000000,0x00000000d9371a88,0x00000000d9500000)

